2015-09-27T01:46:07-03:00 CRIT (2): Page not found
2015-09-27T01:46:12-03:00 CRIT (2): Page not found
2015-09-27T01:46:32-03:00 CRIT (2): Page not found
2015-09-27T01:46:42-03:00 CRIT (2): Page not found
2015-09-27T01:46:51-03:00 CRIT (2): Page not found
2015-09-27T01:47:26-03:00 CRIT (2): Page not found
2015-09-27T01:47:30-03:00 CRIT (2): Page not found
2015-09-27T01:48:28-03:00 CRIT (2): Page not found
2015-09-27T12:13:29-03:00 CRIT (2): Application error
2015-09-27T12:25:31-03:00 CRIT (2): Application error
2015-09-27T12:53:54-03:00 CRIT (2): Application error
2015-09-27T12:53:57-03:00 CRIT (2): Application error
2015-09-27T12:57:32-03:00 CRIT (2): Application error
2015-09-27T12:57:51-03:00 CRIT (2): Application error
2015-09-27T12:59:08-03:00 CRIT (2): Application error
2015-09-27T12:59:11-03:00 CRIT (2): Application error
2015-10-01T23:04:44-03:00 CRIT (2): Application error
2015-10-02T15:28:34-03:00 CRIT (2): Application error
2015-10-07T16:26:46-03:00 CRIT (2): Application error
2015-10-07T16:36:27-03:00 CRIT (2): Application error
2015-10-07T16:38:25-03:00 CRIT (2): Application error
2015-10-07T16:38:34-03:00 CRIT (2): Application error
2015-10-07T16:38:38-03:00 CRIT (2): Application error
2015-10-07T16:38:42-03:00 CRIT (2): Application error
2015-10-07T16:46:50-03:00 CRIT (2): Application error
2015-10-07T16:47:03-03:00 CRIT (2): Application error
2015-10-07T16:47:07-03:00 CRIT (2): Application error
2015-10-07T16:47:12-03:00 CRIT (2): Application error
2015-10-07T16:49:37-03:00 CRIT (2): Application error
2015-10-07T16:56:54-03:00 CRIT (2): Application error
2015-10-07T17:01:36-03:00 CRIT (2): Application error
2015-10-07T17:04:03-03:00 CRIT (2): Application error
2015-10-07T17:18:14-03:00 CRIT (2): Application error
2015-10-07T17:18:22-03:00 CRIT (2): Application error
2015-10-07T17:22:49-03:00 CRIT (2): Application error
2015-10-07T17:22:50-03:00 CRIT (2): Application error
2015-10-07T17:23:33-03:00 CRIT (2): Application error
2015-10-07T17:24:28-03:00 CRIT (2): Application error
2015-10-07T17:25:22-03:00 CRIT (2): Application error
2015-10-13T06:16:46-03:00 CRIT (2): Application error
2015-10-13T08:14:37-03:00 CRIT (2): Application error
2015-10-13T08:14:51-03:00 CRIT (2): Application error
2015-10-13T11:18:04-03:00 CRIT (2): Application error
2015-10-13T11:23:26-03:00 CRIT (2): Application error
2015-10-13T11:26:19-03:00 CRIT (2): Application error
2015-10-13T11:28:27-03:00 CRIT (2): Application error
2015-10-13T11:49:05-03:00 CRIT (2): Application error
2015-10-13T12:41:03-03:00 CRIT (2): Application error
2015-10-13T12:44:24-03:00 CRIT (2): Application error
2015-10-13T12:44:48-03:00 CRIT (2): Application error
2015-10-13T12:56:59-03:00 CRIT (2): Application error
2015-10-13T13:07:35-03:00 CRIT (2): Application error
2015-10-13T13:13:10-03:00 CRIT (2): Application error
2015-10-13T13:13:53-03:00 CRIT (2): Application error
2015-10-13T14:35:01-03:00 CRIT (2): Application error
2015-10-13T14:44:24-03:00 CRIT (2): Application error
2015-10-14T06:24:15-03:00 CRIT (2): Application error
2015-10-14T06:27:33-03:00 CRIT (2): Application error
2015-10-14T07:55:54-03:00 CRIT (2): Application error
2015-10-14T08:10:31-03:00 CRIT (2): Application error
2015-10-14T08:27:12-03:00 CRIT (2): Application error
2015-10-14T08:34:13-03:00 CRIT (2): Application error
2015-10-14T08:34:53-03:00 CRIT (2): Application error
2015-10-14T11:03:13-03:00 CRIT (2): Application error
2015-10-14T11:07:52-03:00 CRIT (2): Application error
2015-10-14T11:08:11-03:00 CRIT (2): Application error
2015-10-14T11:10:49-03:00 CRIT (2): Application error
2015-10-14T11:11:04-03:00 CRIT (2): Application error
2015-10-14T11:37:58-03:00 CRIT (2): Application error
2015-10-14T11:38:05-03:00 CRIT (2): Application error
2015-10-14T12:10:52-03:00 CRIT (2): Application error
2015-10-14T12:18:20-03:00 CRIT (2): Application error
2015-10-14T12:18:49-03:00 CRIT (2): Application error
2015-10-14T12:18:59-03:00 CRIT (2): Application error
2015-10-14T12:20:23-03:00 CRIT (2): Application error
2015-10-14T12:52:43-03:00 CRIT (2): Application error
2015-10-14T12:52:44-03:00 CRIT (2): Application error
2015-10-14T12:52:53-03:00 CRIT (2): Application error
2015-10-14T12:53:00-03:00 CRIT (2): Application error
2015-10-14T12:53:03-03:00 CRIT (2): Application error
2015-10-14T12:53:06-03:00 CRIT (2): Application error
2015-10-14T12:53:12-03:00 CRIT (2): Application error
2015-10-14T12:53:43-03:00 CRIT (2): Application error
2015-10-15T11:51:34-03:00 CRIT (2): Application error
2015-10-15T11:51:50-03:00 CRIT (2): Application error
2015-10-15T11:52:06-03:00 CRIT (2): Application error
2015-10-15T11:52:09-03:00 CRIT (2): Application error
2015-10-15T11:52:12-03:00 CRIT (2): Application error
2015-10-15T11:52:13-03:00 CRIT (2): Application error
2015-10-15T11:52:17-03:00 CRIT (2): Application error
2015-10-15T11:53:41-03:00 CRIT (2): Application error
2015-10-15T12:00:03-03:00 CRIT (2): Application error
2015-10-15T12:02:01-03:00 CRIT (2): Application error
2015-10-15T12:02:14-03:00 CRIT (2): Application error
2015-10-15T12:02:19-03:00 CRIT (2): Application error
2015-10-15T12:02:21-03:00 CRIT (2): Application error
2015-10-15T12:02:23-03:00 CRIT (2): Application error
2015-10-15T12:02:26-03:00 CRIT (2): Application error
2015-10-15T12:02:54-03:00 CRIT (2): Application error
2015-10-15T12:02:56-03:00 CRIT (2): Application error
2015-10-15T12:03:07-03:00 CRIT (2): Application error
2015-10-15T12:03:13-03:00 CRIT (2): Application error
2015-10-15T12:03:28-03:00 CRIT (2): Application error
2015-10-15T12:04:44-03:00 CRIT (2): Application error
2015-10-15T12:05:12-03:00 CRIT (2): Application error
2015-10-15T12:05:54-03:00 CRIT (2): Application error
2015-10-15T12:08:04-03:00 CRIT (2): Application error
2015-10-15T12:08:07-03:00 CRIT (2): Application error
2015-10-15T12:08:09-03:00 CRIT (2): Application error
2015-10-15T12:08:11-03:00 CRIT (2): Application error
2015-10-15T12:08:14-03:00 CRIT (2): Application error
2015-10-15T12:08:16-03:00 CRIT (2): Application error
2015-10-15T12:08:22-03:00 CRIT (2): Application error
2015-10-15T12:08:35-03:00 CRIT (2): Application error
2015-10-15T12:08:47-03:00 CRIT (2): Application error
2015-10-15T12:08:49-03:00 CRIT (2): Application error
2015-10-15T12:08:52-03:00 CRIT (2): Application error
2015-10-15T12:08:54-03:00 CRIT (2): Application error
2015-10-15T12:08:57-03:00 CRIT (2): Application error
2015-10-15T12:22:07-03:00 CRIT (2): Application error
2015-10-15T13:28:57-03:00 CRIT (2): Application error
2015-10-15T13:29:10-03:00 CRIT (2): Application error
2015-10-15T13:29:22-03:00 CRIT (2): Application error
2015-10-15T13:29:25-03:00 CRIT (2): Application error
2015-10-15T13:29:28-03:00 CRIT (2): Application error
2015-10-15T13:29:31-03:00 CRIT (2): Application error
2015-10-15T13:29:38-03:00 CRIT (2): Application error
2015-10-15T13:29:56-03:00 CRIT (2): Application error
2015-10-15T14:08:56-03:00 CRIT (2): Application error
2015-10-15T14:33:59-03:00 CRIT (2): Application error
2015-10-15T14:34:15-03:00 CRIT (2): Application error
2015-10-15T14:34:20-03:00 CRIT (2): Application error
2015-10-15T14:34:23-03:00 CRIT (2): Application error
2015-10-15T14:34:24-03:00 CRIT (2): Application error
2015-10-15T14:34:28-03:00 CRIT (2): Application error
2015-10-15T14:34:31-03:00 CRIT (2): Application error
2015-10-15T14:34:46-03:00 CRIT (2): Application error
2015-10-15T14:34:54-03:00 CRIT (2): Application error
2015-10-15T14:37:18-03:00 CRIT (2): Application error
2015-10-16T08:01:50-03:00 CRIT (2): Application error
2015-10-16T08:02:06-03:00 CRIT (2): Application error
2015-10-16T08:02:20-03:00 CRIT (2): Application error
2015-10-16T08:02:23-03:00 CRIT (2): Application error
2015-10-16T08:02:25-03:00 CRIT (2): Application error
2015-10-16T08:02:28-03:00 CRIT (2): Application error
2015-10-16T08:02:31-03:00 CRIT (2): Application error
2015-10-16T08:02:36-03:00 CRIT (2): Application error
2015-10-16T08:03:38-03:00 CRIT (2): Application error
2015-10-16T08:07:45-03:00 CRIT (2): Application error
2015-10-16T09:03:36-03:00 CRIT (2): Application error
2015-10-16T09:03:48-03:00 CRIT (2): Application error
2015-10-16T09:03:51-03:00 CRIT (2): Application error
2015-10-16T09:03:53-03:00 CRIT (2): Application error
2015-10-16T09:03:55-03:00 CRIT (2): Application error
2015-10-16T09:03:58-03:00 CRIT (2): Application error
2015-10-16T09:05:20-03:00 CRIT (2): Application error
2015-10-16T09:05:32-03:00 CRIT (2): Application error
2015-10-16T09:05:42-03:00 CRIT (2): Application error
2015-10-16T09:06:09-03:00 CRIT (2): Application error
2015-10-16T09:06:36-03:00 CRIT (2): Application error
2015-10-16T09:06:42-03:00 CRIT (2): Application error
2015-10-16T09:06:57-03:00 CRIT (2): Application error
2015-10-16T09:07:12-03:00 CRIT (2): Application error
2015-10-16T09:07:16-03:00 CRIT (2): Application error
2015-10-16T09:07:36-03:00 CRIT (2): Application error
2015-10-16T09:07:58-03:00 CRIT (2): Application error
2015-10-16T09:08:06-03:00 CRIT (2): Application error
2015-10-16T14:50:14-03:00 CRIT (2): Application error
2015-10-19T12:41:46-02:00 CRIT (2): Application error
2015-10-19T13:14:26-02:00 CRIT (2): Application error
2015-10-19T13:14:42-02:00 CRIT (2): Application error
2015-10-19T13:32:27-02:00 CRIT (2): Application error
2015-10-19T13:32:30-02:00 CRIT (2): Application error
2015-10-19T13:32:38-02:00 CRIT (2): Application error
2015-10-19T13:32:56-02:00 CRIT (2): Application error
2015-10-19T13:33:18-02:00 CRIT (2): Application error
2015-10-19T13:33:58-02:00 CRIT (2): Application error
2015-10-19T13:34:17-02:00 CRIT (2): Application error
2015-10-19T13:34:27-02:00 CRIT (2): Application error
2015-10-19T13:34:35-02:00 CRIT (2): Application error
2015-10-19T13:44:47-02:00 CRIT (2): Application error
2015-10-19T13:45:10-02:00 CRIT (2): Application error
2015-10-19T13:45:12-02:00 CRIT (2): Application error
2015-10-19T13:45:15-02:00 CRIT (2): Application error
2015-10-19T13:45:25-02:00 CRIT (2): Application error
2015-10-19T13:45:40-02:00 CRIT (2): Application error
2015-10-19T13:50:01-02:00 CRIT (2): Application error
2015-10-19T13:50:10-02:00 CRIT (2): Application error
2015-10-19T13:50:38-02:00 CRIT (2): Application error
2015-10-19T13:50:41-02:00 CRIT (2): Application error
2015-10-19T13:50:52-02:00 CRIT (2): Application error
2015-10-19T13:50:55-02:00 CRIT (2): Application error
2015-10-19T13:51:11-02:00 CRIT (2): Application error
2015-10-19T13:52:10-02:00 CRIT (2): Application error
2015-10-19T13:52:36-02:00 CRIT (2): Application error
2015-10-19T13:52:38-02:00 CRIT (2): Application error
2015-10-19T13:53:00-02:00 CRIT (2): Application error
2015-10-19T13:53:03-02:00 CRIT (2): Application error
2015-10-19T13:53:20-02:00 CRIT (2): Application error
2015-10-19T13:53:22-02:00 CRIT (2): Application error
2015-10-19T13:53:34-02:00 CRIT (2): Application error
2015-10-19T13:53:36-02:00 CRIT (2): Application error
2015-10-19T13:54:12-02:00 CRIT (2): Application error
2015-10-19T13:54:37-02:00 CRIT (2): Application error
2015-10-19T13:54:50-02:00 CRIT (2): Application error
2015-10-19T13:55:06-02:00 CRIT (2): Application error
2015-10-19T13:55:58-02:00 CRIT (2): Application error
2015-10-19T14:04:42-02:00 CRIT (2): Application error
2015-10-19T14:05:00-02:00 CRIT (2): Application error
2015-10-19T14:05:02-02:00 CRIT (2): Application error
2015-10-19T14:05:05-02:00 CRIT (2): Application error
2015-10-19T14:05:07-02:00 CRIT (2): Application error
2015-10-19T14:05:10-02:00 CRIT (2): Application error
2015-10-19T14:29:10-02:00 CRIT (2): Application error
2015-10-20T13:00:44-02:00 CRIT (2): Application error
2015-10-20T13:00:58-02:00 CRIT (2): Application error
2015-10-20T13:01:01-02:00 CRIT (2): Application error
2015-10-20T13:01:04-02:00 CRIT (2): Application error
2015-10-20T13:01:06-02:00 CRIT (2): Application error
2015-10-20T13:01:09-02:00 CRIT (2): Application error
2015-10-20T13:01:13-02:00 CRIT (2): Application error
2015-10-20T13:01:26-02:00 CRIT (2): Application error
2015-10-20T13:01:28-02:00 CRIT (2): Application error
2015-10-20T13:01:30-02:00 CRIT (2): Application error
2015-10-20T13:01:33-02:00 CRIT (2): Application error
2015-10-20T13:02:00-02:00 CRIT (2): Application error
2015-10-20T13:03:01-02:00 CRIT (2): Application error
2015-10-20T13:07:12-02:00 CRIT (2): Application error
2015-10-20T13:25:13-02:00 CRIT (2): Application error
2015-10-20T13:25:32-02:00 CRIT (2): Application error
2015-10-20T13:25:35-02:00 CRIT (2): Application error
2015-10-20T13:25:38-02:00 CRIT (2): Application error
2015-10-20T13:25:40-02:00 CRIT (2): Application error
2015-10-20T13:25:43-02:00 CRIT (2): Application error
2015-10-20T13:26:16-02:00 CRIT (2): Application error
2015-10-20T13:26:50-02:00 CRIT (2): Application error
2015-10-20T13:26:52-02:00 CRIT (2): Application error
2015-10-20T13:26:52-02:00 CRIT (2): Application error
2015-10-20T13:33:05-02:00 CRIT (2): Application error
2015-10-20T13:36:41-02:00 CRIT (2): Application error
2015-10-20T13:36:56-02:00 CRIT (2): Application error
2015-10-20T13:36:58-02:00 CRIT (2): Application error
2015-10-20T13:37:00-02:00 CRIT (2): Application error
2015-10-20T13:37:02-02:00 CRIT (2): Application error
2015-10-20T13:37:03-02:00 CRIT (2): Application error
2015-10-20T13:37:31-02:00 CRIT (2): Application error
2015-10-22T11:13:22-02:00 CRIT (2): Application error
2015-10-22T11:14:57-02:00 CRIT (2): Application error
2015-10-22T11:46:32-02:00 CRIT (2): Application error
2015-10-22T11:51:15-02:00 CRIT (2): Application error
2015-10-22T11:52:16-02:00 CRIT (2): Application error
2015-10-22T12:43:56-02:00 CRIT (2): Application error
2015-10-22T13:04:22-02:00 CRIT (2): Application error
2015-10-22T13:13:28-02:00 CRIT (2): Application error
2015-10-22T13:17:45-02:00 CRIT (2): Application error
2015-10-22T13:22:20-02:00 CRIT (2): Application error
2015-10-22T13:22:54-02:00 CRIT (2): Application error
2015-10-22T13:23:13-02:00 CRIT (2): Application error
2015-10-22T13:24:57-02:00 CRIT (2): Application error
2015-10-22T13:26:46-02:00 CRIT (2): Application error
2015-10-22T13:26:54-02:00 CRIT (2): Application error
2015-10-22T13:27:01-02:00 CRIT (2): Application error
2015-10-22T13:28:32-02:00 CRIT (2): Application error
2015-10-22T13:29:51-02:00 CRIT (2): Application error
2015-10-22T13:38:42-02:00 CRIT (2): Application error
2015-10-22T13:39:07-02:00 CRIT (2): Application error
2015-10-22T13:43:40-02:00 CRIT (2): Application error
2015-10-22T13:43:47-02:00 CRIT (2): Application error
2015-10-22T13:45:20-02:00 CRIT (2): Application error
2015-10-22T13:45:43-02:00 CRIT (2): Application error
2015-10-22T13:49:44-02:00 CRIT (2): Application error
2015-10-22T13:49:55-02:00 CRIT (2): Application error
2015-10-22T13:53:14-02:00 CRIT (2): Application error
2015-10-22T13:56:59-02:00 CRIT (2): Application error
2015-10-22T13:57:04-02:00 CRIT (2): Application error
2015-10-22T14:37:26-02:00 CRIT (2): Application error
2015-10-22T14:37:41-02:00 CRIT (2): Application error
2015-10-22T14:41:57-02:00 CRIT (2): Application error
2015-10-23T06:02:59-02:00 CRIT (2): Application error
2015-10-23T06:04:20-02:00 CRIT (2): Application error
2015-10-23T07:53:44-02:00 CRIT (2): Application error
2015-10-23T07:58:50-02:00 CRIT (2): Application error
2015-10-23T07:59:01-02:00 CRIT (2): Application error
2015-10-23T08:08:01-02:00 CRIT (2): Application error
2015-10-23T08:15:07-02:00 CRIT (2): Application error
2015-10-23T08:16:44-02:00 CRIT (2): Application error
2015-10-23T08:16:45-02:00 CRIT (2): Application error
2015-10-23T08:16:45-02:00 CRIT (2): Application error
2015-10-23T08:16:45-02:00 CRIT (2): Application error
2015-10-23T08:16:45-02:00 CRIT (2): Application error
2015-10-23T08:16:45-02:00 CRIT (2): Application error
2015-10-23T08:16:45-02:00 CRIT (2): Application error
2015-10-23T08:16:45-02:00 CRIT (2): Application error
2015-10-23T08:16:45-02:00 CRIT (2): Application error
2015-10-23T08:16:45-02:00 CRIT (2): Application error
2015-10-23T08:16:45-02:00 CRIT (2): Application error
2015-10-23T08:16:45-02:00 CRIT (2): Application error
2015-10-23T08:16:45-02:00 CRIT (2): Application error
2015-10-23T08:16:45-02:00 CRIT (2): Application error
2015-10-23T08:16:45-02:00 CRIT (2): Application error
2015-10-23T08:16:45-02:00 CRIT (2): Application error
2015-10-23T08:16:46-02:00 CRIT (2): Application error
2015-10-23T08:16:46-02:00 CRIT (2): Application error
2015-10-23T08:16:46-02:00 CRIT (2): Application error
2015-10-23T08:16:46-02:00 CRIT (2): Application error
2015-10-23T08:16:46-02:00 CRIT (2): Application error
2015-10-23T08:16:46-02:00 CRIT (2): Application error
2015-10-23T08:16:46-02:00 CRIT (2): Application error
2015-10-23T08:16:46-02:00 CRIT (2): Application error
2015-10-23T08:16:46-02:00 CRIT (2): Application error
2015-10-23T08:16:46-02:00 CRIT (2): Application error
2015-10-23T08:16:46-02:00 CRIT (2): Application error
2015-10-23T08:16:46-02:00 CRIT (2): Application error
2015-10-23T08:16:46-02:00 CRIT (2): Application error
2015-10-23T08:16:46-02:00 CRIT (2): Application error
2015-10-23T08:16:46-02:00 CRIT (2): Application error
2015-10-23T08:16:46-02:00 CRIT (2): Application error
2015-10-23T08:16:47-02:00 CRIT (2): Application error
2015-10-23T08:16:47-02:00 CRIT (2): Application error
2015-10-23T08:16:47-02:00 CRIT (2): Application error
2015-10-23T08:16:47-02:00 CRIT (2): Application error
2015-10-23T08:16:47-02:00 CRIT (2): Application error
2015-10-23T08:16:47-02:00 CRIT (2): Application error
2015-10-23T08:16:47-02:00 CRIT (2): Application error
2015-10-23T08:17:39-02:00 CRIT (2): Application error
2015-10-23T08:19:20-02:00 CRIT (2): Application error
2015-10-23T08:22:23-02:00 CRIT (2): Application error
2015-10-23T08:24:15-02:00 CRIT (2): Application error
2015-10-23T08:25:13-02:00 CRIT (2): Application error
2015-10-23T08:27:39-02:00 CRIT (2): Application error
2015-10-23T08:28:52-02:00 CRIT (2): Application error
2015-10-23T08:32:51-02:00 CRIT (2): Application error
2015-10-23T08:36:45-02:00 CRIT (2): Application error
2015-10-23T08:38:38-02:00 CRIT (2): Application error
2015-10-23T08:39:37-02:00 CRIT (2): Application error
2015-10-23T08:40:16-02:00 CRIT (2): Application error
2015-10-23T08:42:08-02:00 CRIT (2): Application error
2015-10-23T10:53:14-02:00 CRIT (2): Application error
2015-10-23T10:53:44-02:00 CRIT (2): Application error
2015-10-23T10:55:21-02:00 CRIT (2): Application error
2015-10-23T11:04:53-02:00 CRIT (2): Application error
2015-10-23T11:05:49-02:00 CRIT (2): Application error
2015-10-23T11:13:02-02:00 CRIT (2): Application error
2015-10-23T11:14:49-02:00 CRIT (2): Application error
2015-10-23T11:17:28-02:00 CRIT (2): Application error
2015-10-23T11:17:35-02:00 CRIT (2): Application error
2015-10-23T11:20:33-02:00 CRIT (2): Application error
2015-10-23T11:21:35-02:00 CRIT (2): Application error
2015-10-27T14:08:26-02:00 CRIT (2): Application error
2015-10-27T14:32:34-02:00 CRIT (2): Application error
2015-10-27T14:39:24-02:00 CRIT (2): Application error
2015-10-27T14:39:26-02:00 CRIT (2): Application error
2015-10-27T14:39:29-02:00 CRIT (2): Application error
2015-10-27T14:39:30-02:00 CRIT (2): Application error
2015-10-27T14:50:57-02:00 CRIT (2): Application error
2015-10-27T14:51:01-02:00 CRIT (2): Application error
2015-10-27T14:51:14-02:00 CRIT (2): Application error
2015-10-27T14:51:16-02:00 CRIT (2): Application error
2015-10-27T14:51:18-02:00 CRIT (2): Application error
2015-10-27T14:51:24-02:00 CRIT (2): Application error
2015-10-27T14:51:26-02:00 CRIT (2): Application error
2015-10-27T14:51:31-02:00 CRIT (2): Application error
2015-10-27T14:51:34-02:00 CRIT (2): Application error
2015-10-27T14:51:38-02:00 CRIT (2): Application error
2015-10-27T14:51:44-02:00 CRIT (2): Application error
2015-10-27T15:08:01-02:00 CRIT (2): Application error
2015-10-28T06:15:06-02:00 CRIT (2): Application error
2015-10-28T06:15:08-02:00 CRIT (2): Application error
2015-10-28T06:15:10-02:00 CRIT (2): Application error
2015-10-28T07:08:06-02:00 CRIT (2): Application error
2015-10-28T07:08:08-02:00 CRIT (2): Application error
2015-10-28T07:08:09-02:00 CRIT (2): Application error
2015-10-28T13:15:20-02:00 CRIT (2): Application error
2015-10-28T13:15:22-02:00 CRIT (2): Application error
2015-10-28T13:15:23-02:00 CRIT (2): Application error
2015-10-28T13:28:22-02:00 CRIT (2): Application error
2015-10-28T13:34:55-02:00 CRIT (2): Application error
2015-10-29T15:10:24-02:00 ERR (3): exception 'PDOException' with message 'SQLSTATE[23505]: Unique violation: 7 ERROR:  duplicate key value violates unique constraint "idx_cpf"
DETAIL:  Key (numcpf)=(55472192072) already exists.' in /var/www/gepnet2/library/Zend/Db/Statement/Pdo.php:228
Stack trace:
#0 /var/www/gepnet2/library/Zend/Db/Statement/Pdo.php(228): PDOStatement->execute(Array)
#1 /var/www/gepnet2/library/Zend/Db/Statement.php(320): Zend_Db_Statement_Pdo->_execute(Array)
#2 /var/www/gepnet2/library/Zend/Db/Adapter/Abstract.php(479): Zend_Db_Statement->execute(Array)
#3 /var/www/gepnet2/library/Zend/Db/Adapter/Pdo/Abstract.php(238): Zend_Db_Adapter_Abstract->query('INSERT INTO "ag...', Array)
#4 /var/www/gepnet2/library/Zend/Db/Adapter/Abstract.php(575): Zend_Db_Adapter_Pdo_Abstract->query('INSERT INTO "ag...', Array)
#5 /var/www/gepnet2/library/Zend/Db/Table/Abstract.php(1075): Zend_Db_Adapter_Abstract->insert('agepnet200.tb_p...', Array)
#6 /var/www/gepnet2/application/models/mappers/Pessoa.php(61): Zend_Db_Table_Abstract->insert(Array)
#7 /var/www/gepnet2/application/services/Pessoa.php(56): Default_Model_Mapper_Pessoa->insert(Object(Default_Model_Pessoa))
#8 /var/www/gepnet2/application/modules/cadastro/controllers/PessoaController.php(53): Default_Service_Pessoa->inserir(Array)
#9 /var/www/gepnet2/library/Zend/Controller/Action.php(516): Cadastro_PessoaController->addAction()
#10 /var/www/gepnet2/library/Zend/Controller/Dispatcher/Standard.php(295): Zend_Controller_Action->dispatch('addAction')
#11 /var/www/gepnet2/library/Zend/Controller/Front.php(954): Zend_Controller_Dispatcher_Standard->dispatch(Object(Zend_Controller_Request_Http), Object(Zend_Controller_Response_Http))
#12 /var/www/gepnet2/library/Zend/Application/Bootstrap/Bootstrap.php(97): Zend_Controller_Front->dispatch()
#13 /var/www/gepnet2/library/Zend/Application.php(366): Zend_Application_Bootstrap_Bootstrap->run()
#14 /var/www/gepnet2/public/index.php(43): Zend_Application->run()
#15 {main}

Next exception 'Zend_Db_Statement_Exception' with message 'SQLSTATE[23505]: Unique violation: 7 ERROR:  duplicate key value violates unique constraint "idx_cpf"
DETAIL:  Key (numcpf)=(55472192072) already exists.' in /var/www/gepnet2/library/Zend/Db/Statement/Pdo.php:234
Stack trace:
#0 /var/www/gepnet2/library/Zend/Db/Statement.php(320): Zend_Db_Statement_Pdo->_execute(Array)
#1 /var/www/gepnet2/library/Zend/Db/Adapter/Abstract.php(479): Zend_Db_Statement->execute(Array)
#2 /var/www/gepnet2/library/Zend/Db/Adapter/Pdo/Abstract.php(238): Zend_Db_Adapter_Abstract->query('INSERT INTO "ag...', Array)
#3 /var/www/gepnet2/library/Zend/Db/Adapter/Abstract.php(575): Zend_Db_Adapter_Pdo_Abstract->query('INSERT INTO "ag...', Array)
#4 /var/www/gepnet2/library/Zend/Db/Table/Abstract.php(1075): Zend_Db_Adapter_Abstract->insert('agepnet200.tb_p...', Array)
#5 /var/www/gepnet2/application/models/mappers/Pessoa.php(61): Zend_Db_Table_Abstract->insert(Array)
#6 /var/www/gepnet2/application/services/Pessoa.php(56): Default_Model_Mapper_Pessoa->insert(Object(Default_Model_Pessoa))
#7 /var/www/gepnet2/application/modules/cadastro/controllers/PessoaController.php(53): Default_Service_Pessoa->inserir(Array)
#8 /var/www/gepnet2/library/Zend/Controller/Action.php(516): Cadastro_PessoaController->addAction()
#9 /var/www/gepnet2/library/Zend/Controller/Dispatcher/Standard.php(295): Zend_Controller_Action->dispatch('addAction')
#10 /var/www/gepnet2/library/Zend/Controller/Front.php(954): Zend_Controller_Dispatcher_Standard->dispatch(Object(Zend_Controller_Request_Http), Object(Zend_Controller_Response_Http))
#11 /var/www/gepnet2/library/Zend/Application/Bootstrap/Bootstrap.php(97): Zend_Controller_Front->dispatch()
#12 /var/www/gepnet2/library/Zend/Application.php(366): Zend_Application_Bootstrap_Bootstrap->run()
#13 /var/www/gepnet2/public/index.php(43): Zend_Application->run()
#14 {main}
2015-10-29T15:10:24-02:00 CRIT (2): Application error
2015-10-29T15:11:25-02:00 CRIT (2): Application error
2015-10-29T15:49:52-02:00 ERR (3): exception 'PDOException' with message 'SQLSTATE[23505]: Unique violation: 7 ERROR:  duplicate key value violates unique constraint "idx_cpf"
DETAIL:  Key (numcpf)=(55472192072) already exists.' in /var/www/gepnet2/library/Zend/Db/Statement/Pdo.php:228
Stack trace:
#0 /var/www/gepnet2/library/Zend/Db/Statement/Pdo.php(228): PDOStatement->execute(Array)
#1 /var/www/gepnet2/library/Zend/Db/Statement.php(320): Zend_Db_Statement_Pdo->_execute(Array)
#2 /var/www/gepnet2/library/Zend/Db/Adapter/Abstract.php(479): Zend_Db_Statement->execute(Array)
#3 /var/www/gepnet2/library/Zend/Db/Adapter/Pdo/Abstract.php(238): Zend_Db_Adapter_Abstract->query('INSERT INTO "ag...', Array)
#4 /var/www/gepnet2/library/Zend/Db/Adapter/Abstract.php(575): Zend_Db_Adapter_Pdo_Abstract->query('INSERT INTO "ag...', Array)
#5 /var/www/gepnet2/library/Zend/Db/Table/Abstract.php(1075): Zend_Db_Adapter_Abstract->insert('agepnet200.tb_p...', Array)
#6 /var/www/gepnet2/application/models/mappers/Pessoa.php(61): Zend_Db_Table_Abstract->insert(Array)
#7 /var/www/gepnet2/application/services/Pessoa.php(56): Default_Model_Mapper_Pessoa->insert(Object(Default_Model_Pessoa))
#8 /var/www/gepnet2/application/modules/cadastro/controllers/PessoaController.php(53): Default_Service_Pessoa->inserir(Array)
#9 /var/www/gepnet2/library/Zend/Controller/Action.php(516): Cadastro_PessoaController->addAction()
#10 /var/www/gepnet2/library/Zend/Controller/Dispatcher/Standard.php(295): Zend_Controller_Action->dispatch('addAction')
#11 /var/www/gepnet2/library/Zend/Controller/Front.php(954): Zend_Controller_Dispatcher_Standard->dispatch(Object(Zend_Controller_Request_Http), Object(Zend_Controller_Response_Http))
#12 /var/www/gepnet2/library/Zend/Application/Bootstrap/Bootstrap.php(97): Zend_Controller_Front->dispatch()
#13 /var/www/gepnet2/library/Zend/Application.php(366): Zend_Application_Bootstrap_Bootstrap->run()
#14 /var/www/gepnet2/public/index.php(43): Zend_Application->run()
#15 {main}

Next exception 'Zend_Db_Statement_Exception' with message 'SQLSTATE[23505]: Unique violation: 7 ERROR:  duplicate key value violates unique constraint "idx_cpf"
DETAIL:  Key (numcpf)=(55472192072) already exists.' in /var/www/gepnet2/library/Zend/Db/Statement/Pdo.php:234
Stack trace:
#0 /var/www/gepnet2/library/Zend/Db/Statement.php(320): Zend_Db_Statement_Pdo->_execute(Array)
#1 /var/www/gepnet2/library/Zend/Db/Adapter/Abstract.php(479): Zend_Db_Statement->execute(Array)
#2 /var/www/gepnet2/library/Zend/Db/Adapter/Pdo/Abstract.php(238): Zend_Db_Adapter_Abstract->query('INSERT INTO "ag...', Array)
#3 /var/www/gepnet2/library/Zend/Db/Adapter/Abstract.php(575): Zend_Db_Adapter_Pdo_Abstract->query('INSERT INTO "ag...', Array)
#4 /var/www/gepnet2/library/Zend/Db/Table/Abstract.php(1075): Zend_Db_Adapter_Abstract->insert('agepnet200.tb_p...', Array)
#5 /var/www/gepnet2/application/models/mappers/Pessoa.php(61): Zend_Db_Table_Abstract->insert(Array)
#6 /var/www/gepnet2/application/services/Pessoa.php(56): Default_Model_Mapper_Pessoa->insert(Object(Default_Model_Pessoa))
#7 /var/www/gepnet2/application/modules/cadastro/controllers/PessoaController.php(53): Default_Service_Pessoa->inserir(Array)
#8 /var/www/gepnet2/library/Zend/Controller/Action.php(516): Cadastro_PessoaController->addAction()
#9 /var/www/gepnet2/library/Zend/Controller/Dispatcher/Standard.php(295): Zend_Controller_Action->dispatch('addAction')
#10 /var/www/gepnet2/library/Zend/Controller/Front.php(954): Zend_Controller_Dispatcher_Standard->dispatch(Object(Zend_Controller_Request_Http), Object(Zend_Controller_Response_Http))
#11 /var/www/gepnet2/library/Zend/Application/Bootstrap/Bootstrap.php(97): Zend_Controller_Front->dispatch()
#12 /var/www/gepnet2/library/Zend/Application.php(366): Zend_Application_Bootstrap_Bootstrap->run()
#13 /var/www/gepnet2/public/index.php(43): Zend_Application->run()
#14 {main}
2015-10-29T15:49:52-02:00 CRIT (2): Application error
2015-10-29T15:50:13-02:00 ERR (3): exception 'PDOException' with message 'SQLSTATE[23505]: Unique violation: 7 ERROR:  duplicate key value violates unique constraint "idx_cpf"
DETAIL:  Key (numcpf)=(55472192072) already exists.' in /var/www/gepnet2/library/Zend/Db/Statement/Pdo.php:228
Stack trace:
#0 /var/www/gepnet2/library/Zend/Db/Statement/Pdo.php(228): PDOStatement->execute(Array)
#1 /var/www/gepnet2/library/Zend/Db/Statement.php(320): Zend_Db_Statement_Pdo->_execute(Array)
#2 /var/www/gepnet2/library/Zend/Db/Adapter/Abstract.php(479): Zend_Db_Statement->execute(Array)
#3 /var/www/gepnet2/library/Zend/Db/Adapter/Pdo/Abstract.php(238): Zend_Db_Adapter_Abstract->query('INSERT INTO "ag...', Array)
#4 /var/www/gepnet2/library/Zend/Db/Adapter/Abstract.php(575): Zend_Db_Adapter_Pdo_Abstract->query('INSERT INTO "ag...', Array)
#5 /var/www/gepnet2/library/Zend/Db/Table/Abstract.php(1075): Zend_Db_Adapter_Abstract->insert('agepnet200.tb_p...', Array)
#6 /var/www/gepnet2/application/models/mappers/Pessoa.php(61): Zend_Db_Table_Abstract->insert(Array)
#7 /var/www/gepnet2/application/services/Pessoa.php(56): Default_Model_Mapper_Pessoa->insert(Object(Default_Model_Pessoa))
#8 /var/www/gepnet2/application/modules/cadastro/controllers/PessoaController.php(53): Default_Service_Pessoa->inserir(Array)
#9 /var/www/gepnet2/library/Zend/Controller/Action.php(516): Cadastro_PessoaController->addAction()
#10 /var/www/gepnet2/library/Zend/Controller/Dispatcher/Standard.php(295): Zend_Controller_Action->dispatch('addAction')
#11 /var/www/gepnet2/library/Zend/Controller/Front.php(954): Zend_Controller_Dispatcher_Standard->dispatch(Object(Zend_Controller_Request_Http), Object(Zend_Controller_Response_Http))
#12 /var/www/gepnet2/library/Zend/Application/Bootstrap/Bootstrap.php(97): Zend_Controller_Front->dispatch()
#13 /var/www/gepnet2/library/Zend/Application.php(366): Zend_Application_Bootstrap_Bootstrap->run()
#14 /var/www/gepnet2/public/index.php(43): Zend_Application->run()
#15 {main}

Next exception 'Zend_Db_Statement_Exception' with message 'SQLSTATE[23505]: Unique violation: 7 ERROR:  duplicate key value violates unique constraint "idx_cpf"
DETAIL:  Key (numcpf)=(55472192072) already exists.' in /var/www/gepnet2/library/Zend/Db/Statement/Pdo.php:234
Stack trace:
#0 /var/www/gepnet2/library/Zend/Db/Statement.php(320): Zend_Db_Statement_Pdo->_execute(Array)
#1 /var/www/gepnet2/library/Zend/Db/Adapter/Abstract.php(479): Zend_Db_Statement->execute(Array)
#2 /var/www/gepnet2/library/Zend/Db/Adapter/Pdo/Abstract.php(238): Zend_Db_Adapter_Abstract->query('INSERT INTO "ag...', Array)
#3 /var/www/gepnet2/library/Zend/Db/Adapter/Abstract.php(575): Zend_Db_Adapter_Pdo_Abstract->query('INSERT INTO "ag...', Array)
#4 /var/www/gepnet2/library/Zend/Db/Table/Abstract.php(1075): Zend_Db_Adapter_Abstract->insert('agepnet200.tb_p...', Array)
#5 /var/www/gepnet2/application/models/mappers/Pessoa.php(61): Zend_Db_Table_Abstract->insert(Array)
#6 /var/www/gepnet2/application/services/Pessoa.php(56): Default_Model_Mapper_Pessoa->insert(Object(Default_Model_Pessoa))
#7 /var/www/gepnet2/application/modules/cadastro/controllers/PessoaController.php(53): Default_Service_Pessoa->inserir(Array)
#8 /var/www/gepnet2/library/Zend/Controller/Action.php(516): Cadastro_PessoaController->addAction()
#9 /var/www/gepnet2/library/Zend/Controller/Dispatcher/Standard.php(295): Zend_Controller_Action->dispatch('addAction')
#10 /var/www/gepnet2/library/Zend/Controller/Front.php(954): Zend_Controller_Dispatcher_Standard->dispatch(Object(Zend_Controller_Request_Http), Object(Zend_Controller_Response_Http))
#11 /var/www/gepnet2/library/Zend/Application/Bootstrap/Bootstrap.php(97): Zend_Controller_Front->dispatch()
#12 /var/www/gepnet2/library/Zend/Application.php(366): Zend_Application_Bootstrap_Bootstrap->run()
#13 /var/www/gepnet2/public/index.php(43): Zend_Application->run()
#14 {main}
2015-10-29T15:50:13-02:00 CRIT (2): Application error
2015-10-29T15:51:06-02:00 ERR (3): exception 'PDOException' with message 'SQLSTATE[23505]: Unique violation: 7 ERROR:  duplicate key value violates unique constraint "idx_cpf"
DETAIL:  Key (numcpf)=(55472192072) already exists.' in /var/www/gepnet2/library/Zend/Db/Statement/Pdo.php:228
Stack trace:
#0 /var/www/gepnet2/library/Zend/Db/Statement/Pdo.php(228): PDOStatement->execute(Array)
#1 /var/www/gepnet2/library/Zend/Db/Statement.php(320): Zend_Db_Statement_Pdo->_execute(Array)
#2 /var/www/gepnet2/library/Zend/Db/Adapter/Abstract.php(479): Zend_Db_Statement->execute(Array)
#3 /var/www/gepnet2/library/Zend/Db/Adapter/Pdo/Abstract.php(238): Zend_Db_Adapter_Abstract->query('INSERT INTO "ag...', Array)
#4 /var/www/gepnet2/library/Zend/Db/Adapter/Abstract.php(575): Zend_Db_Adapter_Pdo_Abstract->query('INSERT INTO "ag...', Array)
#5 /var/www/gepnet2/library/Zend/Db/Table/Abstract.php(1075): Zend_Db_Adapter_Abstract->insert('agepnet200.tb_p...', Array)
#6 /var/www/gepnet2/application/models/mappers/Pessoa.php(61): Zend_Db_Table_Abstract->insert(Array)
#7 /var/www/gepnet2/application/services/Pessoa.php(56): Default_Model_Mapper_Pessoa->insert(Object(Default_Model_Pessoa))
#8 /var/www/gepnet2/application/modules/cadastro/controllers/PessoaController.php(53): Default_Service_Pessoa->inserir(Array)
#9 /var/www/gepnet2/library/Zend/Controller/Action.php(516): Cadastro_PessoaController->addAction()
#10 /var/www/gepnet2/library/Zend/Controller/Dispatcher/Standard.php(295): Zend_Controller_Action->dispatch('addAction')
#11 /var/www/gepnet2/library/Zend/Controller/Front.php(954): Zend_Controller_Dispatcher_Standard->dispatch(Object(Zend_Controller_Request_Http), Object(Zend_Controller_Response_Http))
#12 /var/www/gepnet2/library/Zend/Application/Bootstrap/Bootstrap.php(97): Zend_Controller_Front->dispatch()
#13 /var/www/gepnet2/library/Zend/Application.php(366): Zend_Application_Bootstrap_Bootstrap->run()
#14 /var/www/gepnet2/public/index.php(43): Zend_Application->run()
#15 {main}

Next exception 'Zend_Db_Statement_Exception' with message 'SQLSTATE[23505]: Unique violation: 7 ERROR:  duplicate key value violates unique constraint "idx_cpf"
DETAIL:  Key (numcpf)=(55472192072) already exists.' in /var/www/gepnet2/library/Zend/Db/Statement/Pdo.php:234
Stack trace:
#0 /var/www/gepnet2/library/Zend/Db/Statement.php(320): Zend_Db_Statement_Pdo->_execute(Array)
#1 /var/www/gepnet2/library/Zend/Db/Adapter/Abstract.php(479): Zend_Db_Statement->execute(Array)
#2 /var/www/gepnet2/library/Zend/Db/Adapter/Pdo/Abstract.php(238): Zend_Db_Adapter_Abstract->query('INSERT INTO "ag...', Array)
#3 /var/www/gepnet2/library/Zend/Db/Adapter/Abstract.php(575): Zend_Db_Adapter_Pdo_Abstract->query('INSERT INTO "ag...', Array)
#4 /var/www/gepnet2/library/Zend/Db/Table/Abstract.php(1075): Zend_Db_Adapter_Abstract->insert('agepnet200.tb_p...', Array)
#5 /var/www/gepnet2/application/models/mappers/Pessoa.php(61): Zend_Db_Table_Abstract->insert(Array)
#6 /var/www/gepnet2/application/services/Pessoa.php(56): Default_Model_Mapper_Pessoa->insert(Object(Default_Model_Pessoa))
#7 /var/www/gepnet2/application/modules/cadastro/controllers/PessoaController.php(53): Default_Service_Pessoa->inserir(Array)
#8 /var/www/gepnet2/library/Zend/Controller/Action.php(516): Cadastro_PessoaController->addAction()
#9 /var/www/gepnet2/library/Zend/Controller/Dispatcher/Standard.php(295): Zend_Controller_Action->dispatch('addAction')
#10 /var/www/gepnet2/library/Zend/Controller/Front.php(954): Zend_Controller_Dispatcher_Standard->dispatch(Object(Zend_Controller_Request_Http), Object(Zend_Controller_Response_Http))
#11 /var/www/gepnet2/library/Zend/Application/Bootstrap/Bootstrap.php(97): Zend_Controller_Front->dispatch()
#12 /var/www/gepnet2/library/Zend/Application.php(366): Zend_Application_Bootstrap_Bootstrap->run()
#13 /var/www/gepnet2/public/index.php(43): Zend_Application->run()
#14 {main}
2015-10-29T15:51:06-02:00 CRIT (2): Application error
2015-10-29T15:51:25-02:00 ERR (3): exception 'PDOException' with message 'SQLSTATE[23505]: Unique violation: 7 ERROR:  duplicate key value violates unique constraint "idx_cpf"
DETAIL:  Key (numcpf)=(55472192072) already exists.' in /var/www/gepnet2/library/Zend/Db/Statement/Pdo.php:228
Stack trace:
#0 /var/www/gepnet2/library/Zend/Db/Statement/Pdo.php(228): PDOStatement->execute(Array)
#1 /var/www/gepnet2/library/Zend/Db/Statement.php(320): Zend_Db_Statement_Pdo->_execute(Array)
#2 /var/www/gepnet2/library/Zend/Db/Adapter/Abstract.php(479): Zend_Db_Statement->execute(Array)
#3 /var/www/gepnet2/library/Zend/Db/Adapter/Pdo/Abstract.php(238): Zend_Db_Adapter_Abstract->query('INSERT INTO "ag...', Array)
#4 /var/www/gepnet2/library/Zend/Db/Adapter/Abstract.php(575): Zend_Db_Adapter_Pdo_Abstract->query('INSERT INTO "ag...', Array)
#5 /var/www/gepnet2/library/Zend/Db/Table/Abstract.php(1075): Zend_Db_Adapter_Abstract->insert('agepnet200.tb_p...', Array)
#6 /var/www/gepnet2/application/models/mappers/Pessoa.php(61): Zend_Db_Table_Abstract->insert(Array)
#7 /var/www/gepnet2/application/services/Pessoa.php(56): Default_Model_Mapper_Pessoa->insert(Object(Default_Model_Pessoa))
#8 /var/www/gepnet2/application/modules/cadastro/controllers/PessoaController.php(53): Default_Service_Pessoa->inserir(Array)
#9 /var/www/gepnet2/library/Zend/Controller/Action.php(516): Cadastro_PessoaController->addAction()
#10 /var/www/gepnet2/library/Zend/Controller/Dispatcher/Standard.php(295): Zend_Controller_Action->dispatch('addAction')
#11 /var/www/gepnet2/library/Zend/Controller/Front.php(954): Zend_Controller_Dispatcher_Standard->dispatch(Object(Zend_Controller_Request_Http), Object(Zend_Controller_Response_Http))
#12 /var/www/gepnet2/library/Zend/Application/Bootstrap/Bootstrap.php(97): Zend_Controller_Front->dispatch()
#13 /var/www/gepnet2/library/Zend/Application.php(366): Zend_Application_Bootstrap_Bootstrap->run()
#14 /var/www/gepnet2/public/index.php(43): Zend_Application->run()
#15 {main}

Next exception 'Zend_Db_Statement_Exception' with message 'SQLSTATE[23505]: Unique violation: 7 ERROR:  duplicate key value violates unique constraint "idx_cpf"
DETAIL:  Key (numcpf)=(55472192072) already exists.' in /var/www/gepnet2/library/Zend/Db/Statement/Pdo.php:234
Stack trace:
#0 /var/www/gepnet2/library/Zend/Db/Statement.php(320): Zend_Db_Statement_Pdo->_execute(Array)
#1 /var/www/gepnet2/library/Zend/Db/Adapter/Abstract.php(479): Zend_Db_Statement->execute(Array)
#2 /var/www/gepnet2/library/Zend/Db/Adapter/Pdo/Abstract.php(238): Zend_Db_Adapter_Abstract->query('INSERT INTO "ag...', Array)
#3 /var/www/gepnet2/library/Zend/Db/Adapter/Abstract.php(575): Zend_Db_Adapter_Pdo_Abstract->query('INSERT INTO "ag...', Array)
#4 /var/www/gepnet2/library/Zend/Db/Table/Abstract.php(1075): Zend_Db_Adapter_Abstract->insert('agepnet200.tb_p...', Array)
#5 /var/www/gepnet2/application/models/mappers/Pessoa.php(61): Zend_Db_Table_Abstract->insert(Array)
#6 /var/www/gepnet2/application/services/Pessoa.php(56): Default_Model_Mapper_Pessoa->insert(Object(Default_Model_Pessoa))
#7 /var/www/gepnet2/application/modules/cadastro/controllers/PessoaController.php(53): Default_Service_Pessoa->inserir(Array)
#8 /var/www/gepnet2/library/Zend/Controller/Action.php(516): Cadastro_PessoaController->addAction()
#9 /var/www/gepnet2/library/Zend/Controller/Dispatcher/Standard.php(295): Zend_Controller_Action->dispatch('addAction')
#10 /var/www/gepnet2/library/Zend/Controller/Front.php(954): Zend_Controller_Dispatcher_Standard->dispatch(Object(Zend_Controller_Request_Http), Object(Zend_Controller_Response_Http))
#11 /var/www/gepnet2/library/Zend/Application/Bootstrap/Bootstrap.php(97): Zend_Controller_Front->dispatch()
#12 /var/www/gepnet2/library/Zend/Application.php(366): Zend_Application_Bootstrap_Bootstrap->run()
#13 /var/www/gepnet2/public/index.php(43): Zend_Application->run()
#14 {main}
2015-10-29T15:51:25-02:00 CRIT (2): Application error
2015-10-29T16:17:30-02:00 ERR (3): exception 'PDOException' with message 'SQLSTATE[23505]: Unique violation: 7 ERROR:  duplicate key value violates unique constraint "idx_cpf"
DETAIL:  Key (numcpf)=(55472192072) already exists.' in /var/www/gepnet2/library/Zend/Db/Statement/Pdo.php:228
Stack trace:
#0 /var/www/gepnet2/library/Zend/Db/Statement/Pdo.php(228): PDOStatement->execute(Array)
#1 /var/www/gepnet2/library/Zend/Db/Statement.php(320): Zend_Db_Statement_Pdo->_execute(Array)
#2 /var/www/gepnet2/library/Zend/Db/Adapter/Abstract.php(479): Zend_Db_Statement->execute(Array)
#3 /var/www/gepnet2/library/Zend/Db/Adapter/Pdo/Abstract.php(238): Zend_Db_Adapter_Abstract->query('INSERT INTO "ag...', Array)
#4 /var/www/gepnet2/library/Zend/Db/Adapter/Abstract.php(575): Zend_Db_Adapter_Pdo_Abstract->query('INSERT INTO "ag...', Array)
#5 /var/www/gepnet2/library/Zend/Db/Table/Abstract.php(1075): Zend_Db_Adapter_Abstract->insert('agepnet200.tb_p...', Array)
#6 /var/www/gepnet2/application/models/mappers/Pessoa.php(61): Zend_Db_Table_Abstract->insert(Array)
#7 /var/www/gepnet2/application/services/Pessoa.php(56): Default_Model_Mapper_Pessoa->insert(Object(Default_Model_Pessoa))
#8 /var/www/gepnet2/application/modules/cadastro/controllers/PessoaController.php(53): Default_Service_Pessoa->inserir(Array)
#9 /var/www/gepnet2/library/Zend/Controller/Action.php(516): Cadastro_PessoaController->addAction()
#10 /var/www/gepnet2/library/Zend/Controller/Dispatcher/Standard.php(295): Zend_Controller_Action->dispatch('addAction')
#11 /var/www/gepnet2/library/Zend/Controller/Front.php(954): Zend_Controller_Dispatcher_Standard->dispatch(Object(Zend_Controller_Request_Http), Object(Zend_Controller_Response_Http))
#12 /var/www/gepnet2/library/Zend/Application/Bootstrap/Bootstrap.php(97): Zend_Controller_Front->dispatch()
#13 /var/www/gepnet2/library/Zend/Application.php(366): Zend_Application_Bootstrap_Bootstrap->run()
#14 /var/www/gepnet2/public/index.php(43): Zend_Application->run()
#15 {main}

Next exception 'Zend_Db_Statement_Exception' with message 'SQLSTATE[23505]: Unique violation: 7 ERROR:  duplicate key value violates unique constraint "idx_cpf"
DETAIL:  Key (numcpf)=(55472192072) already exists.' in /var/www/gepnet2/library/Zend/Db/Statement/Pdo.php:234
Stack trace:
#0 /var/www/gepnet2/library/Zend/Db/Statement.php(320): Zend_Db_Statement_Pdo->_execute(Array)
#1 /var/www/gepnet2/library/Zend/Db/Adapter/Abstract.php(479): Zend_Db_Statement->execute(Array)
#2 /var/www/gepnet2/library/Zend/Db/Adapter/Pdo/Abstract.php(238): Zend_Db_Adapter_Abstract->query('INSERT INTO "ag...', Array)
#3 /var/www/gepnet2/library/Zend/Db/Adapter/Abstract.php(575): Zend_Db_Adapter_Pdo_Abstract->query('INSERT INTO "ag...', Array)
#4 /var/www/gepnet2/library/Zend/Db/Table/Abstract.php(1075): Zend_Db_Adapter_Abstract->insert('agepnet200.tb_p...', Array)
#5 /var/www/gepnet2/application/models/mappers/Pessoa.php(61): Zend_Db_Table_Abstract->insert(Array)
#6 /var/www/gepnet2/application/services/Pessoa.php(56): Default_Model_Mapper_Pessoa->insert(Object(Default_Model_Pessoa))
#7 /var/www/gepnet2/application/modules/cadastro/controllers/PessoaController.php(53): Default_Service_Pessoa->inserir(Array)
#8 /var/www/gepnet2/library/Zend/Controller/Action.php(516): Cadastro_PessoaController->addAction()
#9 /var/www/gepnet2/library/Zend/Controller/Dispatcher/Standard.php(295): Zend_Controller_Action->dispatch('addAction')
#10 /var/www/gepnet2/library/Zend/Controller/Front.php(954): Zend_Controller_Dispatcher_Standard->dispatch(Object(Zend_Controller_Request_Http), Object(Zend_Controller_Response_Http))
#11 /var/www/gepnet2/library/Zend/Application/Bootstrap/Bootstrap.php(97): Zend_Controller_Front->dispatch()
#12 /var/www/gepnet2/library/Zend/Application.php(366): Zend_Application_Bootstrap_Bootstrap->run()
#13 /var/www/gepnet2/public/index.php(43): Zend_Application->run()
#14 {main}
2015-10-29T16:17:30-02:00 CRIT (2): Application error
2015-10-29T16:19:21-02:00 ERR (3): exception 'PDOException' with message 'SQLSTATE[23505]: Unique violation: 7 ERROR:  duplicate key value violates unique constraint "idx_cpf"
DETAIL:  Key (numcpf)=(55472192072) already exists.' in /var/www/gepnet2/library/Zend/Db/Statement/Pdo.php:228
Stack trace:
#0 /var/www/gepnet2/library/Zend/Db/Statement/Pdo.php(228): PDOStatement->execute(Array)
#1 /var/www/gepnet2/library/Zend/Db/Statement.php(320): Zend_Db_Statement_Pdo->_execute(Array)
#2 /var/www/gepnet2/library/Zend/Db/Adapter/Abstract.php(479): Zend_Db_Statement->execute(Array)
#3 /var/www/gepnet2/library/Zend/Db/Adapter/Pdo/Abstract.php(238): Zend_Db_Adapter_Abstract->query('INSERT INTO "ag...', Array)
#4 /var/www/gepnet2/library/Zend/Db/Adapter/Abstract.php(575): Zend_Db_Adapter_Pdo_Abstract->query('INSERT INTO "ag...', Array)
#5 /var/www/gepnet2/library/Zend/Db/Table/Abstract.php(1075): Zend_Db_Adapter_Abstract->insert('agepnet200.tb_p...', Array)
#6 /var/www/gepnet2/application/models/mappers/Pessoa.php(61): Zend_Db_Table_Abstract->insert(Array)
#7 /var/www/gepnet2/application/services/Pessoa.php(56): Default_Model_Mapper_Pessoa->insert(Object(Default_Model_Pessoa))
#8 /var/www/gepnet2/application/modules/cadastro/controllers/PessoaController.php(53): Default_Service_Pessoa->inserir(Array)
#9 /var/www/gepnet2/library/Zend/Controller/Action.php(516): Cadastro_PessoaController->addAction()
#10 /var/www/gepnet2/library/Zend/Controller/Dispatcher/Standard.php(295): Zend_Controller_Action->dispatch('addAction')
#11 /var/www/gepnet2/library/Zend/Controller/Front.php(954): Zend_Controller_Dispatcher_Standard->dispatch(Object(Zend_Controller_Request_Http), Object(Zend_Controller_Response_Http))
#12 /var/www/gepnet2/library/Zend/Application/Bootstrap/Bootstrap.php(97): Zend_Controller_Front->dispatch()
#13 /var/www/gepnet2/library/Zend/Application.php(366): Zend_Application_Bootstrap_Bootstrap->run()
#14 /var/www/gepnet2/public/index.php(43): Zend_Application->run()
#15 {main}

Next exception 'Zend_Db_Statement_Exception' with message 'SQLSTATE[23505]: Unique violation: 7 ERROR:  duplicate key value violates unique constraint "idx_cpf"
DETAIL:  Key (numcpf)=(55472192072) already exists.' in /var/www/gepnet2/library/Zend/Db/Statement/Pdo.php:234
Stack trace:
#0 /var/www/gepnet2/library/Zend/Db/Statement.php(320): Zend_Db_Statement_Pdo->_execute(Array)
#1 /var/www/gepnet2/library/Zend/Db/Adapter/Abstract.php(479): Zend_Db_Statement->execute(Array)
#2 /var/www/gepnet2/library/Zend/Db/Adapter/Pdo/Abstract.php(238): Zend_Db_Adapter_Abstract->query('INSERT INTO "ag...', Array)
#3 /var/www/gepnet2/library/Zend/Db/Adapter/Abstract.php(575): Zend_Db_Adapter_Pdo_Abstract->query('INSERT INTO "ag...', Array)
#4 /var/www/gepnet2/library/Zend/Db/Table/Abstract.php(1075): Zend_Db_Adapter_Abstract->insert('agepnet200.tb_p...', Array)
#5 /var/www/gepnet2/application/models/mappers/Pessoa.php(61): Zend_Db_Table_Abstract->insert(Array)
#6 /var/www/gepnet2/application/services/Pessoa.php(56): Default_Model_Mapper_Pessoa->insert(Object(Default_Model_Pessoa))
#7 /var/www/gepnet2/application/modules/cadastro/controllers/PessoaController.php(53): Default_Service_Pessoa->inserir(Array)
#8 /var/www/gepnet2/library/Zend/Controller/Action.php(516): Cadastro_PessoaController->addAction()
#9 /var/www/gepnet2/library/Zend/Controller/Dispatcher/Standard.php(295): Zend_Controller_Action->dispatch('addAction')
#10 /var/www/gepnet2/library/Zend/Controller/Front.php(954): Zend_Controller_Dispatcher_Standard->dispatch(Object(Zend_Controller_Request_Http), Object(Zend_Controller_Response_Http))
#11 /var/www/gepnet2/library/Zend/Application/Bootstrap/Bootstrap.php(97): Zend_Controller_Front->dispatch()
#12 /var/www/gepnet2/library/Zend/Application.php(366): Zend_Application_Bootstrap_Bootstrap->run()
#13 /var/www/gepnet2/public/index.php(43): Zend_Application->run()
#14 {main}
2015-10-29T16:19:21-02:00 CRIT (2): Application error
2015-10-29T16:21:35-02:00 ERR (3): exception 'PDOException' with message 'SQLSTATE[23505]: Unique violation: 7 ERROR:  duplicate key value violates unique constraint "idx_cpf"
DETAIL:  Key (numcpf)=(55472192072) already exists.' in /var/www/gepnet2/library/Zend/Db/Statement/Pdo.php:228
Stack trace:
#0 /var/www/gepnet2/library/Zend/Db/Statement/Pdo.php(228): PDOStatement->execute(Array)
#1 /var/www/gepnet2/library/Zend/Db/Statement.php(320): Zend_Db_Statement_Pdo->_execute(Array)
#2 /var/www/gepnet2/library/Zend/Db/Adapter/Abstract.php(479): Zend_Db_Statement->execute(Array)
#3 /var/www/gepnet2/library/Zend/Db/Adapter/Pdo/Abstract.php(238): Zend_Db_Adapter_Abstract->query('INSERT INTO "ag...', Array)
#4 /var/www/gepnet2/library/Zend/Db/Adapter/Abstract.php(575): Zend_Db_Adapter_Pdo_Abstract->query('INSERT INTO "ag...', Array)
#5 /var/www/gepnet2/library/Zend/Db/Table/Abstract.php(1075): Zend_Db_Adapter_Abstract->insert('agepnet200.tb_p...', Array)
#6 /var/www/gepnet2/application/models/mappers/Pessoa.php(61): Zend_Db_Table_Abstract->insert(Array)
#7 /var/www/gepnet2/application/services/Pessoa.php(56): Default_Model_Mapper_Pessoa->insert(Object(Default_Model_Pessoa))
#8 /var/www/gepnet2/application/modules/cadastro/controllers/PessoaController.php(53): Default_Service_Pessoa->inserir(Array)
#9 /var/www/gepnet2/library/Zend/Controller/Action.php(516): Cadastro_PessoaController->addAction()
#10 /var/www/gepnet2/library/Zend/Controller/Dispatcher/Standard.php(295): Zend_Controller_Action->dispatch('addAction')
#11 /var/www/gepnet2/library/Zend/Controller/Front.php(954): Zend_Controller_Dispatcher_Standard->dispatch(Object(Zend_Controller_Request_Http), Object(Zend_Controller_Response_Http))
#12 /var/www/gepnet2/library/Zend/Application/Bootstrap/Bootstrap.php(97): Zend_Controller_Front->dispatch()
#13 /var/www/gepnet2/library/Zend/Application.php(366): Zend_Application_Bootstrap_Bootstrap->run()
#14 /var/www/gepnet2/public/index.php(43): Zend_Application->run()
#15 {main}

Next exception 'Zend_Db_Statement_Exception' with message 'SQLSTATE[23505]: Unique violation: 7 ERROR:  duplicate key value violates unique constraint "idx_cpf"
DETAIL:  Key (numcpf)=(55472192072) already exists.' in /var/www/gepnet2/library/Zend/Db/Statement/Pdo.php:234
Stack trace:
#0 /var/www/gepnet2/library/Zend/Db/Statement.php(320): Zend_Db_Statement_Pdo->_execute(Array)
#1 /var/www/gepnet2/library/Zend/Db/Adapter/Abstract.php(479): Zend_Db_Statement->execute(Array)
#2 /var/www/gepnet2/library/Zend/Db/Adapter/Pdo/Abstract.php(238): Zend_Db_Adapter_Abstract->query('INSERT INTO "ag...', Array)
#3 /var/www/gepnet2/library/Zend/Db/Adapter/Abstract.php(575): Zend_Db_Adapter_Pdo_Abstract->query('INSERT INTO "ag...', Array)
#4 /var/www/gepnet2/library/Zend/Db/Table/Abstract.php(1075): Zend_Db_Adapter_Abstract->insert('agepnet200.tb_p...', Array)
#5 /var/www/gepnet2/application/models/mappers/Pessoa.php(61): Zend_Db_Table_Abstract->insert(Array)
#6 /var/www/gepnet2/application/services/Pessoa.php(56): Default_Model_Mapper_Pessoa->insert(Object(Default_Model_Pessoa))
#7 /var/www/gepnet2/application/modules/cadastro/controllers/PessoaController.php(53): Default_Service_Pessoa->inserir(Array)
#8 /var/www/gepnet2/library/Zend/Controller/Action.php(516): Cadastro_PessoaController->addAction()
#9 /var/www/gepnet2/library/Zend/Controller/Dispatcher/Standard.php(295): Zend_Controller_Action->dispatch('addAction')
#10 /var/www/gepnet2/library/Zend/Controller/Front.php(954): Zend_Controller_Dispatcher_Standard->dispatch(Object(Zend_Controller_Request_Http), Object(Zend_Controller_Response_Http))
#11 /var/www/gepnet2/library/Zend/Application/Bootstrap/Bootstrap.php(97): Zend_Controller_Front->dispatch()
#12 /var/www/gepnet2/library/Zend/Application.php(366): Zend_Application_Bootstrap_Bootstrap->run()
#13 /var/www/gepnet2/public/index.php(43): Zend_Application->run()
#14 {main}
2015-10-29T16:21:35-02:00 CRIT (2): Application error
2015-10-29T16:21:49-02:00 ERR (3): exception 'PDOException' with message 'SQLSTATE[23505]: Unique violation: 7 ERROR:  duplicate key value violates unique constraint "idx_cpf"
DETAIL:  Key (numcpf)=(55472192072) already exists.' in /var/www/gepnet2/library/Zend/Db/Statement/Pdo.php:228
Stack trace:
#0 /var/www/gepnet2/library/Zend/Db/Statement/Pdo.php(228): PDOStatement->execute(Array)
#1 /var/www/gepnet2/library/Zend/Db/Statement.php(320): Zend_Db_Statement_Pdo->_execute(Array)
#2 /var/www/gepnet2/library/Zend/Db/Adapter/Abstract.php(479): Zend_Db_Statement->execute(Array)
#3 /var/www/gepnet2/library/Zend/Db/Adapter/Pdo/Abstract.php(238): Zend_Db_Adapter_Abstract->query('INSERT INTO "ag...', Array)
#4 /var/www/gepnet2/library/Zend/Db/Adapter/Abstract.php(575): Zend_Db_Adapter_Pdo_Abstract->query('INSERT INTO "ag...', Array)
#5 /var/www/gepnet2/library/Zend/Db/Table/Abstract.php(1075): Zend_Db_Adapter_Abstract->insert('agepnet200.tb_p...', Array)
#6 /var/www/gepnet2/application/models/mappers/Pessoa.php(61): Zend_Db_Table_Abstract->insert(Array)
#7 /var/www/gepnet2/application/services/Pessoa.php(56): Default_Model_Mapper_Pessoa->insert(Object(Default_Model_Pessoa))
#8 /var/www/gepnet2/application/modules/cadastro/controllers/PessoaController.php(53): Default_Service_Pessoa->inserir(Array)
#9 /var/www/gepnet2/library/Zend/Controller/Action.php(516): Cadastro_PessoaController->addAction()
#10 /var/www/gepnet2/library/Zend/Controller/Dispatcher/Standard.php(295): Zend_Controller_Action->dispatch('addAction')
#11 /var/www/gepnet2/library/Zend/Controller/Front.php(954): Zend_Controller_Dispatcher_Standard->dispatch(Object(Zend_Controller_Request_Http), Object(Zend_Controller_Response_Http))
#12 /var/www/gepnet2/library/Zend/Application/Bootstrap/Bootstrap.php(97): Zend_Controller_Front->dispatch()
#13 /var/www/gepnet2/library/Zend/Application.php(366): Zend_Application_Bootstrap_Bootstrap->run()
#14 /var/www/gepnet2/public/index.php(43): Zend_Application->run()
#15 {main}

Next exception 'Zend_Db_Statement_Exception' with message 'SQLSTATE[23505]: Unique violation: 7 ERROR:  duplicate key value violates unique constraint "idx_cpf"
DETAIL:  Key (numcpf)=(55472192072) already exists.' in /var/www/gepnet2/library/Zend/Db/Statement/Pdo.php:234
Stack trace:
#0 /var/www/gepnet2/library/Zend/Db/Statement.php(320): Zend_Db_Statement_Pdo->_execute(Array)
#1 /var/www/gepnet2/library/Zend/Db/Adapter/Abstract.php(479): Zend_Db_Statement->execute(Array)
#2 /var/www/gepnet2/library/Zend/Db/Adapter/Pdo/Abstract.php(238): Zend_Db_Adapter_Abstract->query('INSERT INTO "ag...', Array)
#3 /var/www/gepnet2/library/Zend/Db/Adapter/Abstract.php(575): Zend_Db_Adapter_Pdo_Abstract->query('INSERT INTO "ag...', Array)
#4 /var/www/gepnet2/library/Zend/Db/Table/Abstract.php(1075): Zend_Db_Adapter_Abstract->insert('agepnet200.tb_p...', Array)
#5 /var/www/gepnet2/application/models/mappers/Pessoa.php(61): Zend_Db_Table_Abstract->insert(Array)
#6 /var/www/gepnet2/application/services/Pessoa.php(56): Default_Model_Mapper_Pessoa->insert(Object(Default_Model_Pessoa))
#7 /var/www/gepnet2/application/modules/cadastro/controllers/PessoaController.php(53): Default_Service_Pessoa->inserir(Array)
#8 /var/www/gepnet2/library/Zend/Controller/Action.php(516): Cadastro_PessoaController->addAction()
#9 /var/www/gepnet2/library/Zend/Controller/Dispatcher/Standard.php(295): Zend_Controller_Action->dispatch('addAction')
#10 /var/www/gepnet2/library/Zend/Controller/Front.php(954): Zend_Controller_Dispatcher_Standard->dispatch(Object(Zend_Controller_Request_Http), Object(Zend_Controller_Response_Http))
#11 /var/www/gepnet2/library/Zend/Application/Bootstrap/Bootstrap.php(97): Zend_Controller_Front->dispatch()
#12 /var/www/gepnet2/library/Zend/Application.php(366): Zend_Application_Bootstrap_Bootstrap->run()
#13 /var/www/gepnet2/public/index.php(43): Zend_Application->run()
#14 {main}
2015-10-29T16:21:49-02:00 CRIT (2): Application error
2015-11-04T11:24:51-02:00 CRIT (2): Acesso Negado
2015-11-04T11:25:01-02:00 CRIT (2): Acesso Negado
2015-11-04T11:34:11-02:00 CRIT (2): Application error
2015-11-04T11:34:14-02:00 CRIT (2): Application error
2015-11-04T13:12:58-02:00 CRIT (2): Acesso Negado
2015-11-04T13:13:00-02:00 CRIT (2): Acesso Negado
2015-11-04T13:13:05-02:00 CRIT (2): Acesso Negado
2015-11-04T13:13:07-02:00 CRIT (2): Acesso Negado
2015-11-04T13:13:08-02:00 CRIT (2): Acesso Negado
2015-11-04T13:13:20-02:00 CRIT (2): Acesso Negado
2015-11-04T13:13:24-02:00 CRIT (2): Acesso Negado
2015-11-04T16:24:49-02:00 CRIT (2): Application error
2015-11-05T10:46:48-02:00 CRIT (2): Application error
2015-11-05T10:47:25-02:00 CRIT (2): Application error
2015-11-05T14:43:36-02:00 CRIT (2): Application error
2015-11-05T14:44:10-02:00 CRIT (2): Application error
2015-11-05T14:50:37-02:00 CRIT (2): Application error
2015-11-05T14:51:37-02:00 CRIT (2): Application error
2015-11-05T14:51:57-02:00 CRIT (2): Application error
2015-11-05T14:52:00-02:00 CRIT (2): Application error
2015-11-05T14:54:18-02:00 CRIT (2): Application error
2015-11-05T14:54:27-02:00 CRIT (2): Application error
2015-11-05T15:40:46-02:00 CRIT (2): Application error
2015-11-06T14:35:14-02:00 CRIT (2): Application error
2015-11-09T08:51:21-02:00 CRIT (2): Application error
2015-11-09T08:51:56-02:00 CRIT (2): Application error
2015-11-09T08:57:33-02:00 CRIT (2): Application error
2015-11-09T09:01:34-02:00 CRIT (2): Application error
2015-11-09T09:01:58-02:00 CRIT (2): Application error
2015-11-09T09:04:37-02:00 CRIT (2): Application error
2015-11-09T09:05:04-02:00 CRIT (2): Application error
2015-11-09T09:05:20-02:00 CRIT (2): Application error
2015-11-09T09:06:17-02:00 CRIT (2): Application error
2015-11-09T09:07:34-02:00 CRIT (2): Application error
2015-11-09T09:08:38-02:00 CRIT (2): Application error
2015-11-09T09:10:33-02:00 CRIT (2): Application error
2015-11-09T09:12:01-02:00 CRIT (2): Application error
2015-11-09T09:13:13-02:00 CRIT (2): Application error
2015-11-09T09:25:31-02:00 CRIT (2): Application error
2015-11-09T09:27:32-02:00 CRIT (2): Application error
2015-11-09T09:31:07-02:00 CRIT (2): Application error
2015-11-09T09:36:47-02:00 CRIT (2): Application error
2015-11-09T09:37:50-02:00 CRIT (2): Application error
2015-11-09T09:39:47-02:00 CRIT (2): Application error
2015-11-09T09:40:48-02:00 CRIT (2): Application error
2015-11-09T09:42:10-02:00 CRIT (2): Application error
2015-11-09T09:47:10-02:00 CRIT (2): Application error
2015-11-09T09:48:03-02:00 CRIT (2): Application error
2015-11-09T09:57:39-02:00 CRIT (2): Application error
2015-11-09T10:02:13-02:00 CRIT (2): Application error
2015-11-09T10:03:44-02:00 CRIT (2): Application error
2015-11-09T10:11:22-02:00 CRIT (2): Application error
2015-11-09T10:13:01-02:00 CRIT (2): Application error
2015-11-09T10:14:11-02:00 CRIT (2): Application error
2015-11-09T10:16:00-02:00 CRIT (2): Application error
2015-11-09T10:19:10-02:00 CRIT (2): Application error
2015-11-09T10:19:42-02:00 CRIT (2): Application error
2015-11-09T10:25:06-02:00 CRIT (2): Application error
2015-11-09T12:54:04-02:00 CRIT (2): Application error
2015-11-09T13:37:40-02:00 CRIT (2): Application error
2015-11-09T13:38:39-02:00 CRIT (2): Application error
2015-11-09T13:39:34-02:00 CRIT (2): Application error
2015-11-09T13:40:55-02:00 CRIT (2): Application error
2015-11-09T13:41:34-02:00 CRIT (2): Application error
2015-11-09T13:42:25-02:00 CRIT (2): Application error
2015-11-09T13:42:52-02:00 CRIT (2): Application error
2015-11-09T13:43:13-02:00 CRIT (2): Application error
2015-11-09T13:44:17-02:00 CRIT (2): Application error
2015-11-09T13:45:23-02:00 CRIT (2): Application error
2015-11-09T13:58:15-02:00 CRIT (2): Application error
2015-11-09T14:00:55-02:00 CRIT (2): Application error
2015-11-16T14:25:13-02:00 CRIT (2): Application error
2015-11-16T14:25:16-02:00 CRIT (2): Application error
2015-11-16T14:25:19-02:00 CRIT (2): Application error
2015-11-16T14:25:23-02:00 CRIT (2): Application error
2015-11-16T14:25:31-02:00 CRIT (2): Application error
2015-11-16T14:30:58-02:00 CRIT (2): Application error
2015-11-16T14:31:02-02:00 CRIT (2): Application error
2015-11-17T14:00:04-02:00 CRIT (2): Page not found
2015-11-17T14:02:55-02:00 CRIT (2): Page not found
2015-11-18T08:44:42-02:00 CRIT (2): Acesso Negado
2015-11-18T08:44:58-02:00 CRIT (2): Application error
2015-11-18T08:45:02-02:00 CRIT (2): Application error
2015-11-18T08:45:05-02:00 CRIT (2): Application error
2015-11-18T08:45:17-02:00 CRIT (2): Application error
2015-11-18T08:45:26-02:00 CRIT (2): Application error
2015-11-18T10:13:59-02:00 CRIT (2): Application error
2015-11-18T10:17:46-02:00 CRIT (2): Application error
2015-11-18T10:18:51-02:00 CRIT (2): Application error
2015-11-18T10:19:58-02:00 CRIT (2): Application error
2015-11-18T10:20:41-02:00 CRIT (2): Application error
2015-11-18T10:23:19-02:00 CRIT (2): Application error
2015-11-18T10:26:08-02:00 CRIT (2): Application error
2015-11-18T10:26:44-02:00 CRIT (2): Application error
2015-11-18T10:29:26-02:00 CRIT (2): Application error
2015-11-18T14:11:42-02:00 CRIT (2): Application error
2015-11-18T14:14:40-02:00 CRIT (2): Application error
2015-11-18T14:15:21-02:00 CRIT (2): Application error
2015-11-27T18:37:51-02:00 CRIT (2): Application error
2015-11-27T18:44:06-02:00 CRIT (2): Acesso Negado
2015-12-09T15:00:41-02:00 CRIT (2): Application error
2015-12-11T09:40:53-02:00 CRIT (2): Acesso Negado
2015-12-11T15:02:09-02:00 CRIT (2): Application error
2015-12-11T15:03:15-02:00 CRIT (2): Application error
2015-12-11T15:03:20-02:00 CRIT (2): Application error
2015-12-11T15:03:21-02:00 CRIT (2): Application error
2015-12-11T15:03:22-02:00 CRIT (2): Application error
2015-12-11T15:03:22-02:00 CRIT (2): Application error
2015-12-11T15:03:22-02:00 CRIT (2): Application error
2015-12-11T15:03:23-02:00 CRIT (2): Application error
2015-12-11T15:03:23-02:00 CRIT (2): Application error
2015-12-11T15:03:23-02:00 CRIT (2): Application error
2015-12-11T15:03:23-02:00 CRIT (2): Application error
2015-12-11T15:03:24-02:00 CRIT (2): Application error
2015-12-11T15:03:27-02:00 CRIT (2): Application error
2015-12-11T15:03:27-02:00 CRIT (2): Application error
2015-12-11T15:03:27-02:00 CRIT (2): Application error
2015-12-11T15:03:27-02:00 CRIT (2): Application error
2015-12-11T15:03:27-02:00 CRIT (2): Application error
2015-12-11T15:03:28-02:00 CRIT (2): Application error
2015-12-11T15:03:28-02:00 CRIT (2): Application error
2015-12-11T15:03:28-02:00 CRIT (2): Application error
2015-12-11T15:03:28-02:00 CRIT (2): Application error
2015-12-11T15:03:28-02:00 CRIT (2): Application error
2015-12-11T15:03:29-02:00 CRIT (2): Application error
2015-12-11T15:03:29-02:00 CRIT (2): Application error
2015-12-11T15:03:29-02:00 CRIT (2): Application error
2015-12-11T15:03:30-02:00 CRIT (2): Application error
2015-12-11T15:03:30-02:00 CRIT (2): Application error
2015-12-11T15:03:30-02:00 CRIT (2): Application error
2015-12-11T15:03:30-02:00 CRIT (2): Application error
2015-12-11T15:03:31-02:00 CRIT (2): Application error
2015-12-11T15:03:31-02:00 CRIT (2): Application error
2015-12-11T15:03:31-02:00 CRIT (2): Application error
2015-12-11T15:03:31-02:00 CRIT (2): Application error
2015-12-11T15:03:31-02:00 CRIT (2): Application error
2015-12-11T15:03:32-02:00 CRIT (2): Application error
2015-12-11T15:03:32-02:00 CRIT (2): Application error
2015-12-11T15:03:32-02:00 CRIT (2): Application error
2015-12-11T15:03:32-02:00 CRIT (2): Application error
2015-12-11T15:03:32-02:00 CRIT (2): Application error
2015-12-11T15:03:33-02:00 CRIT (2): Application error
2015-12-11T15:12:13-02:00 CRIT (2): Application error
2015-12-11T15:28:13-02:00 CRIT (2): Application error
2015-12-11T16:15:08-02:00 CRIT (2): Application error
2015-12-11T16:15:14-02:00 CRIT (2): Application error
2015-12-11T16:15:15-02:00 CRIT (2): Application error
2015-12-11T16:15:17-02:00 CRIT (2): Application error
2015-12-11T16:15:18-02:00 CRIT (2): Application error
2015-12-11T16:15:19-02:00 CRIT (2): Application error
2015-12-11T16:15:20-02:00 CRIT (2): Application error
2015-12-14T13:52:31-02:00 CRIT (2): Application error
2015-12-29T15:11:50-02:00 CRIT (2): Application error
2015-12-29T15:11:51-02:00 CRIT (2): Application error
2015-12-30T13:33:34-02:00 CRIT (2): Application error
2015-12-30T14:41:08-02:00 CRIT (2): Application error
2015-12-30T14:45:48-02:00 CRIT (2): Application error
2015-12-30T14:56:26-02:00 CRIT (2): Application error
2016-01-07T11:36:40-02:00 CRIT (2): Application error
2016-01-07T11:40:04-02:00 CRIT (2): Application error
2016-01-07T12:21:29-02:00 CRIT (2): Application error
2016-01-21T08:03:50-02:00 CRIT (2): Application error
2016-01-21T08:03:58-02:00 CRIT (2): Application error
2016-01-21T09:10:20-02:00 CRIT (2): Application error
2016-01-21T09:11:04-02:00 CRIT (2): Application error
2016-01-21T09:11:26-02:00 CRIT (2): Application error
2016-01-21T09:12:14-02:00 CRIT (2): Application error
2016-01-21T09:12:25-02:00 CRIT (2): Application error
2016-01-21T09:14:57-02:00 CRIT (2): Application error
2016-01-21T09:58:29-02:00 CRIT (2): Application error
2016-02-03T16:57:50-02:00 CRIT (2): Application error
2016-02-29T09:19:10-03:00 CRIT (2): Application error
2016-02-29T09:29:06-03:00 CRIT (2): Application error
2016-02-29T09:31:06-03:00 CRIT (2): Application error
2016-02-29T09:31:12-03:00 CRIT (2): Application error
2016-02-29T09:31:34-03:00 CRIT (2): Application error
2016-02-29T09:31:41-03:00 CRIT (2): Application error
2016-02-29T09:31:43-03:00 CRIT (2): Application error
2016-02-29T09:31:51-03:00 CRIT (2): Application error
2016-02-29T09:31:59-03:00 CRIT (2): Application error
2016-02-29T09:32:02-03:00 CRIT (2): Application error
2016-02-29T09:32:03-03:00 CRIT (2): Application error
2016-02-29T09:32:11-03:00 CRIT (2): Application error
2016-02-29T09:32:13-03:00 CRIT (2): Application error
2016-02-29T09:32:17-03:00 CRIT (2): Application error
2016-02-29T09:32:20-03:00 CRIT (2): Application error
2016-02-29T09:32:23-03:00 CRIT (2): Application error
2016-02-29T09:32:25-03:00 CRIT (2): Application error
2016-02-29T09:32:27-03:00 CRIT (2): Application error
2016-02-29T09:32:28-03:00 CRIT (2): Application error
2016-02-29T09:32:30-03:00 CRIT (2): Application error
2016-02-29T09:32:31-03:00 CRIT (2): Application error
2016-02-29T09:32:32-03:00 CRIT (2): Application error
2016-02-29T09:32:32-03:00 CRIT (2): Application error
2016-02-29T09:33:11-03:00 CRIT (2): Application error
2016-02-29T09:33:14-03:00 CRIT (2): Application error
2016-02-29T09:33:16-03:00 CRIT (2): Application error
2016-02-29T09:33:17-03:00 CRIT (2): Application error
2016-02-29T09:33:19-03:00 CRIT (2): Application error
2016-02-29T09:33:20-03:00 CRIT (2): Application error
2016-02-29T09:33:22-03:00 CRIT (2): Application error
2016-02-29T09:33:23-03:00 CRIT (2): Application error
2016-02-29T09:33:26-03:00 CRIT (2): Application error
2016-02-29T09:33:27-03:00 CRIT (2): Application error
2016-02-29T09:33:27-03:00 CRIT (2): Application error
2016-02-29T09:35:53-03:00 CRIT (2): Application error
2016-02-29T09:35:55-03:00 CRIT (2): Application error
2016-02-29T09:35:55-03:00 CRIT (2): Application error
2016-02-29T09:36:31-03:00 CRIT (2): Application error
2016-02-29T10:12:39-03:00 CRIT (2): Application error
2016-02-29T10:12:43-03:00 CRIT (2): Application error
2016-02-29T10:12:46-03:00 CRIT (2): Application error
2016-02-29T10:12:51-03:00 CRIT (2): Application error
2016-02-29T10:12:53-03:00 CRIT (2): Application error
2016-02-29T10:12:57-03:00 CRIT (2): Application error
2016-02-29T10:12:59-03:00 CRIT (2): Application error
2016-02-29T10:13:02-03:00 CRIT (2): Application error
2016-02-29T10:13:04-03:00 CRIT (2): Application error
2016-02-29T10:13:05-03:00 CRIT (2): Application error
2016-02-29T10:13:27-03:00 CRIT (2): Application error
2016-02-29T10:13:30-03:00 CRIT (2): Application error
2016-02-29T10:13:30-03:00 CRIT (2): Application error
2016-02-29T10:14:12-03:00 CRIT (2): Application error
2016-02-29T10:14:14-03:00 CRIT (2): Application error
2016-02-29T10:14:15-03:00 CRIT (2): Application error
2016-02-29T10:21:44-03:00 CRIT (2): Application error
2016-02-29T10:21:46-03:00 CRIT (2): Application error
2016-02-29T10:21:50-03:00 CRIT (2): Application error
2016-02-29T10:35:57-03:00 CRIT (2): Application error
2016-02-29T10:36:01-03:00 CRIT (2): Application error
2016-02-29T10:44:09-03:00 CRIT (2): Application error
2016-02-29T10:44:14-03:00 CRIT (2): Application error
2016-02-29T10:44:16-03:00 CRIT (2): Application error
2016-02-29T10:44:21-03:00 CRIT (2): Application error
2016-02-29T10:45:31-03:00 CRIT (2): Application error
2016-02-29T10:45:34-03:00 CRIT (2): Application error
2016-02-29T10:46:58-03:00 CRIT (2): Application error
2016-02-29T10:47:00-03:00 CRIT (2): Application error
2016-02-29T10:48:02-03:00 CRIT (2): Application error
2016-02-29T10:48:06-03:00 CRIT (2): Application error
2016-02-29T10:48:08-03:00 CRIT (2): Application error
2016-02-29T10:48:11-03:00 CRIT (2): Application error
2016-02-29T10:48:16-03:00 CRIT (2): Application error
2016-02-29T10:48:18-03:00 CRIT (2): Application error
2016-02-29T10:48:21-03:00 CRIT (2): Application error
2016-02-29T10:48:23-03:00 CRIT (2): Application error
2016-02-29T10:48:25-03:00 CRIT (2): Application error
2016-02-29T10:48:41-03:00 CRIT (2): Application error
2016-02-29T10:48:43-03:00 CRIT (2): Application error
2016-02-29T10:48:46-03:00 CRIT (2): Application error
2016-02-29T10:49:15-03:00 CRIT (2): Application error
2016-02-29T10:49:28-03:00 CRIT (2): Application error
2016-02-29T10:49:48-03:00 CRIT (2): Application error
2016-02-29T10:50:03-03:00 CRIT (2): Application error
2016-02-29T10:50:06-03:00 CRIT (2): Application error
2016-02-29T10:50:19-03:00 CRIT (2): Application error
2016-02-29T10:50:47-03:00 CRIT (2): Application error
2016-02-29T10:50:55-03:00 CRIT (2): Application error
2016-02-29T10:51:01-03:00 CRIT (2): Application error
2016-02-29T10:51:09-03:00 CRIT (2): Application error
2016-02-29T10:52:50-03:00 CRIT (2): Application error
2016-02-29T10:52:51-03:00 CRIT (2): Application error
2016-02-29T10:53:10-03:00 CRIT (2): Application error
2016-02-29T10:53:19-03:00 CRIT (2): Application error
2016-02-29T10:53:19-03:00 CRIT (2): Application error
2016-02-29T10:54:07-03:00 CRIT (2): Application error
2016-02-29T10:54:13-03:00 CRIT (2): Application error
2016-02-29T10:59:36-03:00 CRIT (2): Application error
2016-02-29T10:59:43-03:00 CRIT (2): Application error
2016-02-29T10:59:47-03:00 CRIT (2): Application error
2016-02-29T11:01:42-03:00 CRIT (2): Application error
2016-02-29T11:02:02-03:00 CRIT (2): Application error
2016-02-29T11:02:06-03:00 CRIT (2): Application error
2016-02-29T11:02:07-03:00 CRIT (2): Application error
2016-02-29T11:02:08-03:00 CRIT (2): Application error
2016-02-29T11:02:08-03:00 CRIT (2): Application error
2016-02-29T11:02:09-03:00 CRIT (2): Application error
2016-02-29T11:02:10-03:00 CRIT (2): Application error
2016-02-29T11:02:10-03:00 CRIT (2): Application error
2016-02-29T11:02:11-03:00 CRIT (2): Application error
2016-02-29T11:02:11-03:00 CRIT (2): Application error
2016-02-29T11:02:12-03:00 CRIT (2): Application error
2016-02-29T11:02:12-03:00 CRIT (2): Application error
2016-02-29T11:02:12-03:00 CRIT (2): Application error
2016-02-29T11:02:13-03:00 CRIT (2): Application error
2016-02-29T11:02:13-03:00 CRIT (2): Application error
2016-02-29T11:02:14-03:00 CRIT (2): Application error
2016-02-29T11:02:14-03:00 CRIT (2): Application error
2016-02-29T11:02:15-03:00 CRIT (2): Application error
2016-02-29T11:02:15-03:00 CRIT (2): Application error
2016-02-29T11:02:16-03:00 CRIT (2): Application error
2016-02-29T11:02:16-03:00 CRIT (2): Application error
2016-02-29T11:02:17-03:00 CRIT (2): Application error
2016-02-29T11:02:17-03:00 CRIT (2): Application error
2016-02-29T11:05:53-03:00 CRIT (2): Application error
2016-02-29T11:21:12-03:00 CRIT (2): Application error
2016-02-29T11:21:14-03:00 CRIT (2): Application error
2016-02-29T11:21:15-03:00 CRIT (2): Application error
2016-02-29T11:21:18-03:00 CRIT (2): Application error
2016-02-29T11:21:21-03:00 CRIT (2): Application error
2016-02-29T11:25:55-03:00 CRIT (2): Application error
2016-02-29T11:25:56-03:00 CRIT (2): Application error
2016-02-29T11:25:57-03:00 CRIT (2): Application error
2016-02-29T11:26:00-03:00 CRIT (2): Application error
2016-02-29T11:26:04-03:00 CRIT (2): Application error
2016-02-29T11:26:10-03:00 CRIT (2): Application error
2016-02-29T11:26:30-03:00 CRIT (2): Application error
2016-02-29T11:26:33-03:00 CRIT (2): Application error
2016-02-29T11:26:35-03:00 CRIT (2): Application error
2016-02-29T11:26:37-03:00 CRIT (2): Application error
2016-02-29T11:26:47-03:00 CRIT (2): Application error
2016-02-29T11:26:51-03:00 CRIT (2): Application error
2016-02-29T11:26:56-03:00 CRIT (2): Application error
2016-02-29T11:28:16-03:00 CRIT (2): Application error
2016-02-29T11:32:38-03:00 CRIT (2): Application error
2016-02-29T11:32:50-03:00 CRIT (2): Application error
2016-02-29T11:32:54-03:00 CRIT (2): Application error
2016-02-29T11:33:01-03:00 CRIT (2): Application error
2016-02-29T11:33:06-03:00 CRIT (2): Application error
2016-02-29T11:33:13-03:00 CRIT (2): Application error
2016-02-29T11:34:07-03:00 CRIT (2): Application error
2016-02-29T11:34:12-03:00 CRIT (2): Application error
2016-02-29T11:34:16-03:00 CRIT (2): Application error
2016-02-29T11:34:34-03:00 CRIT (2): Application error
2016-02-29T11:34:35-03:00 CRIT (2): Application error
2016-02-29T11:34:37-03:00 CRIT (2): Application error
2016-02-29T11:34:49-03:00 CRIT (2): Application error
2016-02-29T11:43:18-03:00 CRIT (2): Application error
2016-02-29T11:49:57-03:00 CRIT (2): Application error
2016-03-12T08:12:31-03:00 CRIT (2): Application error
2016-03-12T08:12:48-03:00 CRIT (2): Application error
2016-03-12T08:12:54-03:00 CRIT (2): Application error
2016-03-12T08:13:00-03:00 CRIT (2): Application error
2016-03-12T08:13:05-03:00 CRIT (2): Application error
2016-03-12T08:13:07-03:00 CRIT (2): Application error
2016-03-12T08:13:11-03:00 CRIT (2): Application error
2016-03-12T08:13:19-03:00 CRIT (2): Application error
2016-03-12T08:13:33-03:00 CRIT (2): Application error
2016-03-12T08:13:45-03:00 CRIT (2): Application error
2016-03-12T08:13:47-03:00 CRIT (2): Application error
2016-03-12T08:13:48-03:00 CRIT (2): Application error
2016-03-12T08:13:51-03:00 CRIT (2): Application error
2016-03-12T08:13:52-03:00 CRIT (2): Application error
2016-03-12T08:13:52-03:00 CRIT (2): Application error
2016-03-12T08:13:53-03:00 CRIT (2): Application error
2016-03-12T08:13:55-03:00 CRIT (2): Application error
2016-03-12T08:13:58-03:00 CRIT (2): Application error
2016-03-12T08:15:24-03:00 CRIT (2): Application error
2016-03-12T08:15:25-03:00 CRIT (2): Application error
2016-03-12T08:16:01-03:00 CRIT (2): Application error
2016-03-12T08:16:46-03:00 CRIT (2): Application error
2016-03-12T08:16:51-03:00 CRIT (2): Application error
2016-03-12T08:16:52-03:00 CRIT (2): Application error
2016-03-12T08:16:53-03:00 CRIT (2): Application error
2016-03-12T08:16:56-03:00 CRIT (2): Application error
2016-03-12T08:16:57-03:00 CRIT (2): Application error
2016-03-12T08:16:58-03:00 CRIT (2): Application error
2016-03-12T08:16:58-03:00 CRIT (2): Application error
2016-03-12T08:16:59-03:00 CRIT (2): Application error
2016-03-12T08:17:00-03:00 CRIT (2): Application error
2016-03-12T08:17:01-03:00 CRIT (2): Application error
2016-03-12T08:17:01-03:00 CRIT (2): Application error
2016-03-12T08:17:02-03:00 CRIT (2): Application error
2016-03-12T08:17:05-03:00 CRIT (2): Application error
2016-03-12T08:17:06-03:00 CRIT (2): Application error
2016-03-12T08:17:07-03:00 CRIT (2): Application error
2016-03-12T08:17:08-03:00 CRIT (2): Application error
2016-03-12T08:17:08-03:00 CRIT (2): Application error
2016-03-12T08:17:09-03:00 CRIT (2): Application error
2016-03-12T08:17:09-03:00 CRIT (2): Application error
2016-03-12T08:17:10-03:00 CRIT (2): Application error
2016-03-12T08:17:11-03:00 CRIT (2): Application error
2016-03-12T08:17:20-03:00 CRIT (2): Application error
2016-03-12T08:19:49-03:00 ERR (3): exception 'PDOException' with message 'SQLSTATE[22001]: String data, right truncated: 7 ERROR:  value too long for type character varying(5)' in /var/www/gepnet2/library/Zend/Db/Statement/Pdo.php:228
Stack trace:
#0 /var/www/gepnet2/library/Zend/Db/Statement/Pdo.php(228): PDOStatement->execute(Array)
#1 /var/www/gepnet2/library/Zend/Db/Statement.php(320): Zend_Db_Statement_Pdo->_execute(Array)
#2 /var/www/gepnet2/library/Zend/Db/Adapter/Abstract.php(479): Zend_Db_Statement->execute(Array)
#3 /var/www/gepnet2/library/Zend/Db/Adapter/Pdo/Abstract.php(238): Zend_Db_Adapter_Abstract->query('INSERT INTO "ag...', Array)
#4 /var/www/gepnet2/library/Zend/Db/Adapter/Abstract.php(575): Zend_Db_Adapter_Pdo_Abstract->query('INSERT INTO "ag...', Array)
#5 /var/www/gepnet2/library/Zend/Db/Table/Abstract.php(1075): Zend_Db_Adapter_Abstract->insert('agepnet200.tb_p...', Array)
#6 /var/www/gepnet2/application/models/mappers/Pessoa.php(61): Zend_Db_Table_Abstract->insert(Array)
#7 /var/www/gepnet2/application/services/Pessoa.php(56): Default_Model_Mapper_Pessoa->insert(Object(Default_Model_Pessoa))
#8 /var/www/gepnet2/application/modules/cadastro/controllers/PessoaController.php(53): Default_Service_Pessoa->inserir(Array)
#9 /var/www/gepnet2/library/Zend/Controller/Action.php(516): Cadastro_PessoaController->addAction()
#10 /var/www/gepnet2/library/Zend/Controller/Dispatcher/Standard.php(295): Zend_Controller_Action->dispatch('addAction')
#11 /var/www/gepnet2/library/Zend/Controller/Front.php(954): Zend_Controller_Dispatcher_Standard->dispatch(Object(Zend_Controller_Request_Http), Object(Zend_Controller_Response_Http))
#12 /var/www/gepnet2/library/Zend/Application/Bootstrap/Bootstrap.php(97): Zend_Controller_Front->dispatch()
#13 /var/www/gepnet2/library/Zend/Application.php(366): Zend_Application_Bootstrap_Bootstrap->run()
#14 /var/www/gepnet2/public/index.php(43): Zend_Application->run()
#15 {main}

Next exception 'Zend_Db_Statement_Exception' with message 'SQLSTATE[22001]: String data, right truncated: 7 ERROR:  value too long for type character varying(5)' in /var/www/gepnet2/library/Zend/Db/Statement/Pdo.php:234
Stack trace:
#0 /var/www/gepnet2/library/Zend/Db/Statement.php(320): Zend_Db_Statement_Pdo->_execute(Array)
#1 /var/www/gepnet2/library/Zend/Db/Adapter/Abstract.php(479): Zend_Db_Statement->execute(Array)
#2 /var/www/gepnet2/library/Zend/Db/Adapter/Pdo/Abstract.php(238): Zend_Db_Adapter_Abstract->query('INSERT INTO "ag...', Array)
#3 /var/www/gepnet2/library/Zend/Db/Adapter/Abstract.php(575): Zend_Db_Adapter_Pdo_Abstract->query('INSERT INTO "ag...', Array)
#4 /var/www/gepnet2/library/Zend/Db/Table/Abstract.php(1075): Zend_Db_Adapter_Abstract->insert('agepnet200.tb_p...', Array)
#5 /var/www/gepnet2/application/models/mappers/Pessoa.php(61): Zend_Db_Table_Abstract->insert(Array)
#6 /var/www/gepnet2/application/services/Pessoa.php(56): Default_Model_Mapper_Pessoa->insert(Object(Default_Model_Pessoa))
#7 /var/www/gepnet2/application/modules/cadastro/controllers/PessoaController.php(53): Default_Service_Pessoa->inserir(Array)
#8 /var/www/gepnet2/library/Zend/Controller/Action.php(516): Cadastro_PessoaController->addAction()
#9 /var/www/gepnet2/library/Zend/Controller/Dispatcher/Standard.php(295): Zend_Controller_Action->dispatch('addAction')
#10 /var/www/gepnet2/library/Zend/Controller/Front.php(954): Zend_Controller_Dispatcher_Standard->dispatch(Object(Zend_Controller_Request_Http), Object(Zend_Controller_Response_Http))
#11 /var/www/gepnet2/library/Zend/Application/Bootstrap/Bootstrap.php(97): Zend_Controller_Front->dispatch()
#12 /var/www/gepnet2/library/Zend/Application.php(366): Zend_Application_Bootstrap_Bootstrap->run()
#13 /var/www/gepnet2/public/index.php(43): Zend_Application->run()
#14 {main}
2016-03-12T08:19:49-03:00 CRIT (2): Application error
2016-03-12T09:07:33-03:00 CRIT (2): Application error
2016-03-12T09:07:42-03:00 ERR (3): exception 'PDOException' with message 'SQLSTATE[22001]: String data, right truncated: 7 ERROR:  value too long for type character varying(5)' in /var/www/gepnet2/library/Zend/Db/Statement/Pdo.php:228
Stack trace:
#0 /var/www/gepnet2/library/Zend/Db/Statement/Pdo.php(228): PDOStatement->execute(Array)
#1 /var/www/gepnet2/library/Zend/Db/Statement.php(320): Zend_Db_Statement_Pdo->_execute(Array)
#2 /var/www/gepnet2/library/Zend/Db/Adapter/Abstract.php(479): Zend_Db_Statement->execute(Array)
#3 /var/www/gepnet2/library/Zend/Db/Adapter/Pdo/Abstract.php(238): Zend_Db_Adapter_Abstract->query('INSERT INTO "ag...', Array)
#4 /var/www/gepnet2/library/Zend/Db/Adapter/Abstract.php(575): Zend_Db_Adapter_Pdo_Abstract->query('INSERT INTO "ag...', Array)
#5 /var/www/gepnet2/library/Zend/Db/Table/Abstract.php(1075): Zend_Db_Adapter_Abstract->insert('agepnet200.tb_p...', Array)
#6 /var/www/gepnet2/application/models/mappers/Pessoa.php(61): Zend_Db_Table_Abstract->insert(Array)
#7 /var/www/gepnet2/application/services/Pessoa.php(56): Default_Model_Mapper_Pessoa->insert(Object(Default_Model_Pessoa))
#8 /var/www/gepnet2/application/modules/cadastro/controllers/PessoaController.php(53): Default_Service_Pessoa->inserir(Array)
#9 /var/www/gepnet2/library/Zend/Controller/Action.php(516): Cadastro_PessoaController->addAction()
#10 /var/www/gepnet2/library/Zend/Controller/Dispatcher/Standard.php(295): Zend_Controller_Action->dispatch('addAction')
#11 /var/www/gepnet2/library/Zend/Controller/Front.php(954): Zend_Controller_Dispatcher_Standard->dispatch(Object(Zend_Controller_Request_Http), Object(Zend_Controller_Response_Http))
#12 /var/www/gepnet2/library/Zend/Application/Bootstrap/Bootstrap.php(97): Zend_Controller_Front->dispatch()
#13 /var/www/gepnet2/library/Zend/Application.php(366): Zend_Application_Bootstrap_Bootstrap->run()
#14 /var/www/gepnet2/public/index.php(43): Zend_Application->run()
#15 {main}

Next exception 'Zend_Db_Statement_Exception' with message 'SQLSTATE[22001]: String data, right truncated: 7 ERROR:  value too long for type character varying(5)' in /var/www/gepnet2/library/Zend/Db/Statement/Pdo.php:234
Stack trace:
#0 /var/www/gepnet2/library/Zend/Db/Statement.php(320): Zend_Db_Statement_Pdo->_execute(Array)
#1 /var/www/gepnet2/library/Zend/Db/Adapter/Abstract.php(479): Zend_Db_Statement->execute(Array)
#2 /var/www/gepnet2/library/Zend/Db/Adapter/Pdo/Abstract.php(238): Zend_Db_Adapter_Abstract->query('INSERT INTO "ag...', Array)
#3 /var/www/gepnet2/library/Zend/Db/Adapter/Abstract.php(575): Zend_Db_Adapter_Pdo_Abstract->query('INSERT INTO "ag...', Array)
#4 /var/www/gepnet2/library/Zend/Db/Table/Abstract.php(1075): Zend_Db_Adapter_Abstract->insert('agepnet200.tb_p...', Array)
#5 /var/www/gepnet2/application/models/mappers/Pessoa.php(61): Zend_Db_Table_Abstract->insert(Array)
#6 /var/www/gepnet2/application/services/Pessoa.php(56): Default_Model_Mapper_Pessoa->insert(Object(Default_Model_Pessoa))
#7 /var/www/gepnet2/application/modules/cadastro/controllers/PessoaController.php(53): Default_Service_Pessoa->inserir(Array)
#8 /var/www/gepnet2/library/Zend/Controller/Action.php(516): Cadastro_PessoaController->addAction()
#9 /var/www/gepnet2/library/Zend/Controller/Dispatcher/Standard.php(295): Zend_Controller_Action->dispatch('addAction')
#10 /var/www/gepnet2/library/Zend/Controller/Front.php(954): Zend_Controller_Dispatcher_Standard->dispatch(Object(Zend_Controller_Request_Http), Object(Zend_Controller_Response_Http))
#11 /var/www/gepnet2/library/Zend/Application/Bootstrap/Bootstrap.php(97): Zend_Controller_Front->dispatch()
#12 /var/www/gepnet2/library/Zend/Application.php(366): Zend_Application_Bootstrap_Bootstrap->run()
#13 /var/www/gepnet2/public/index.php(43): Zend_Application->run()
#14 {main}
2016-03-12T09:07:42-03:00 CRIT (2): Application error
2016-03-12T10:12:30-03:00 CRIT (2): Application error
2016-03-12T10:12:31-03:00 CRIT (2): Application error
2016-03-12T10:12:33-03:00 CRIT (2): Application error
2016-03-12T10:12:34-03:00 CRIT (2): Application error
2016-03-12T10:12:36-03:00 CRIT (2): Application error
2016-03-12T10:12:39-03:00 CRIT (2): Application error
2016-03-12T10:12:41-03:00 CRIT (2): Application error
2016-03-12T10:12:55-03:00 CRIT (2): Application error
2016-03-12T10:13:13-03:00 CRIT (2): Application error
2016-03-12T10:14:48-03:00 CRIT (2): Application error
2016-03-12T10:15:11-03:00 CRIT (2): Application error
2016-03-12T10:17:17-03:00 CRIT (2): Application error
2016-03-12T10:17:37-03:00 CRIT (2): Application error
2016-03-12T10:17:37-03:00 CRIT (2): Application error
2016-03-12T10:17:51-03:00 CRIT (2): Application error
2016-03-12T10:17:52-03:00 CRIT (2): Application error
2016-03-12T10:17:54-03:00 CRIT (2): Application error
2016-03-12T10:17:57-03:00 CRIT (2): Application error
2016-03-12T10:18:02-03:00 CRIT (2): Application error
2016-03-12T10:18:05-03:00 CRIT (2): Application error
2016-03-12T10:18:10-03:00 CRIT (2): Application error
2016-03-12T10:18:22-03:00 CRIT (2): Application error
2016-03-12T10:18:23-03:00 CRIT (2): Application error
2016-03-12T10:28:16-03:00 CRIT (2): Application error
2016-03-12T10:28:27-03:00 CRIT (2): Application error
2016-03-12T10:28:29-03:00 CRIT (2): Application error
2016-03-12T10:30:04-03:00 CRIT (2): Application error
2016-03-12T10:30:08-03:00 CRIT (2): Application error
2016-03-12T10:36:41-03:00 CRIT (2): Application error
2016-03-12T10:37:00-03:00 CRIT (2): Application error
2016-03-12T10:40:37-03:00 CRIT (2): Application error
2016-03-12T10:40:40-03:00 CRIT (2): Application error
2016-03-12T10:40:46-03:00 CRIT (2): Application error
2016-03-12T10:46:50-03:00 CRIT (2): Application error
2016-03-12T10:53:52-03:00 CRIT (2): Application error
2016-03-12T10:53:54-03:00 CRIT (2): Application error
2016-03-12T10:53:56-03:00 CRIT (2): Application error
2016-03-12T10:54:04-03:00 CRIT (2): Application error
2016-03-12T11:09:07-03:00 CRIT (2): Application error
2016-03-12T11:09:10-03:00 CRIT (2): Application error
2016-03-12T11:12:33-03:00 CRIT (2): Application error
2016-03-12T11:12:34-03:00 CRIT (2): Application error
2016-03-12T11:12:37-03:00 CRIT (2): Application error
2016-03-12T11:13:56-03:00 CRIT (2): Application error
2016-03-12T11:15:27-03:00 CRIT (2): Application error
2016-03-12T11:16:16-03:00 CRIT (2): Application error
2016-03-12T11:17:12-03:00 CRIT (2): Application error
2016-03-12T11:17:12-03:00 CRIT (2): Application error
2016-03-12T11:17:13-03:00 CRIT (2): Application error
2016-03-12T11:17:15-03:00 CRIT (2): Application error
2016-03-12T11:17:18-03:00 CRIT (2): Application error
2016-03-12T11:36:46-03:00 CRIT (2): Application error
2016-03-12T11:36:48-03:00 CRIT (2): Application error
2016-03-12T11:36:49-03:00 CRIT (2): Application error
2016-03-12T11:36:52-03:00 CRIT (2): Application error
2016-03-12T11:39:43-03:00 CRIT (2): Application error
2016-03-12T11:39:45-03:00 CRIT (2): Application error
2016-03-12T11:39:48-03:00 CRIT (2): Application error
2016-03-12T11:40:18-03:00 CRIT (2): Application error
2016-03-12T13:39:25-03:00 CRIT (2): Application error
